{"/home/travis/build/npmtest/node-npmtest-excel4node/test.js":{"path":"/home/travis/build/npmtest/node-npmtest-excel4node/test.js","s":{"1":2,"2":2,"3":2,"4":2,"5":2,"6":2,"7":2,"8":1,"9":2,"10":2,"11":1,"12":1,"13":1,"14":1,"15":2,"16":2,"17":2,"18":2,"19":1,"20":1,"21":2,"22":2,"23":2,"24":1,"25":1,"26":1,"27":1,"28":1,"29":1,"30":1,"31":1,"32":1,"33":1,"34":1,"35":1,"36":1,"37":1,"38":1,"39":2,"40":2,"41":1,"42":2,"43":2,"44":1,"45":2,"46":2,"47":1,"48":2,"49":2,"50":1,"51":1,"52":1,"53":1,"54":1},"b":{"1":[2,1,1,1],"2":[1,1,1,1],"3":[1,1],"4":[1,1],"5":[1,1],"6":[1,1],"7":[1,1],"8":[1,1],"9":[1,1],"10":[1,1,1],"11":[1,1],"12":[1,1],"13":[1,1],"14":[1,1],"15":[1,1],"16":[1,1],"17":[1,1]},"f":{"1":2,"2":2,"3":2,"4":2,"5":2,"6":1,"7":1,"8":1,"9":2,"10":2,"11":2,"12":2,"13":1},"fnMap":{"1":{"name":"(anonymous_1)","line":12,"loc":{"start":{"line":12,"column":1},"end":{"line":12,"column":13}}},"2":{"name":"(anonymous_2)","line":19,"loc":{"start":{"line":19,"column":5},"end":{"line":19,"column":17}}},"3":{"name":"(anonymous_3)","line":23,"loc":{"start":{"line":23,"column":24},"end":{"line":23,"column":36}}},"4":{"name":"(anonymous_4)","line":61,"loc":{"start":{"line":61,"column":5},"end":{"line":61,"column":17}}},"5":{"name":"(anonymous_5)","line":82,"loc":{"start":{"line":82,"column":5},"end":{"line":82,"column":17}}},"6":{"name":"(anonymous_6)","line":91,"loc":{"start":{"line":91,"column":77},"end":{"line":94,"column":10}}},"7":{"name":"(anonymous_7)","line":112,"loc":{"start":{"line":112,"column":83},"end":{"line":115,"column":10}},"skip":true},"8":{"name":"(anonymous_8)","line":123,"loc":{"start":{"line":123,"column":77},"end":{"line":126,"column":10}},"skip":true},"9":{"name":"(anonymous_9)","line":139,"loc":{"start":{"line":139,"column":12},"end":{"line":139,"column":40}},"skip":true},"10":{"name":"(anonymous_10)","line":147,"loc":{"start":{"line":147,"column":77},"end":{"line":150,"column":10}},"skip":true},"11":{"name":"(anonymous_11)","line":158,"loc":{"start":{"line":158,"column":83},"end":{"line":161,"column":10}},"skip":true},"12":{"name":"(anonymous_12)","line":169,"loc":{"start":{"line":169,"column":79},"end":{"line":172,"column":10}},"skip":true},"13":{"name":"(anonymous_13)","line":180,"loc":{"start":{"line":180,"column":75},"end":{"line":183,"column":10}},"skip":true}},"statementMap":{"1":{"start":{"line":12,"column":0},"end":{"line":195,"column":5}},"2":{"start":{"line":14,"column":4},"end":{"line":14,"column":14}},"3":{"start":{"line":19,"column":4},"end":{"line":56,"column":9}},"4":{"start":{"line":21,"column":8},"end":{"line":21,"column":19}},"5":{"start":{"line":23,"column":8},"end":{"line":35,"column":13}},"6":{"start":{"line":24,"column":12},"end":{"line":34,"column":13}},"7":{"start":{"line":25,"column":16},"end":{"line":28,"column":30}},"8":{"start":{"line":30,"column":16},"end":{"line":33,"column":27}},"9":{"start":{"line":37,"column":8},"end":{"line":39,"column":21}},"10":{"start":{"line":40,"column":8},"end":{"line":53,"column":9}},"11":{"start":{"line":43,"column":12},"end":{"line":46,"column":14}},"12":{"start":{"line":47,"column":12},"end":{"line":47,"column":18}},"13":{"start":{"line":50,"column":12},"end":{"line":51,"column":46}},"14":{"start":{"line":52,"column":12},"end":{"line":52,"column":18}},"15":{"start":{"line":55,"column":8},"end":{"line":55,"column":35}},"16":{"start":{"line":61,"column":4},"end":{"line":63,"column":9}},"17":{"start":{"line":62,"column":8},"end":{"line":62,"column":15}},"18":{"start":{"line":64,"column":4},"end":{"line":77,"column":5}},"19":{"start":{"line":70,"column":8},"end":{"line":70,"column":14}},"20":{"start":{"line":76,"column":8},"end":{"line":76,"column":14}},"21":{"start":{"line":82,"column":4},"end":{"line":84,"column":9}},"22":{"start":{"line":83,"column":8},"end":{"line":83,"column":15}},"23":{"start":{"line":85,"column":4},"end":{"line":194,"column":5}},"24":{"start":{"line":91,"column":8},"end":{"line":99,"column":10}},"25":{"start":{"line":98,"column":12},"end":{"line":98,"column":35}},"26":{"start":{"line":102,"column":8},"end":{"line":104,"column":63}},"27":{"start":{"line":105,"column":8},"end":{"line":105,"column":14}},"28":{"start":{"line":112,"column":8},"end":{"line":121,"column":10},"skip":true},"29":{"start":{"line":119,"column":12},"end":{"line":119,"column":55},"skip":true},"30":{"start":{"line":120,"column":12},"end":{"line":120,"column":48},"skip":true},"31":{"start":{"line":123,"column":8},"end":{"line":136,"column":10},"skip":true},"32":{"start":{"line":130,"column":12},"end":{"line":130,"column":76},"skip":true},"33":{"start":{"line":131,"column":12},"end":{"line":131,"column":73},"skip":true},"34":{"start":{"line":132,"column":12},"end":{"line":132,"column":74},"skip":true},"35":{"start":{"line":133,"column":12},"end":{"line":133,"column":79},"skip":true},"36":{"start":{"line":134,"column":12},"end":{"line":134,"column":25},"skip":true},"37":{"start":{"line":135,"column":12},"end":{"line":135,"column":45},"skip":true},"38":{"start":{"line":138,"column":8},"end":{"line":145,"column":14},"skip":true},"39":{"start":{"line":143,"column":16},"end":{"line":143,"column":29},"skip":true},"40":{"start":{"line":144,"column":16},"end":{"line":144,"column":55},"skip":true},"41":{"start":{"line":147,"column":8},"end":{"line":156,"column":10},"skip":true},"42":{"start":{"line":154,"column":12},"end":{"line":154,"column":25},"skip":true},"43":{"start":{"line":155,"column":12},"end":{"line":155,"column":45},"skip":true},"44":{"start":{"line":158,"column":8},"end":{"line":167,"column":10},"skip":true},"45":{"start":{"line":165,"column":12},"end":{"line":165,"column":25},"skip":true},"46":{"start":{"line":166,"column":12},"end":{"line":166,"column":48},"skip":true},"47":{"start":{"line":169,"column":8},"end":{"line":178,"column":10},"skip":true},"48":{"start":{"line":176,"column":12},"end":{"line":176,"column":25},"skip":true},"49":{"start":{"line":177,"column":12},"end":{"line":177,"column":46},"skip":true},"50":{"start":{"line":180,"column":8},"end":{"line":189,"column":10},"skip":true},"51":{"start":{"line":187,"column":12},"end":{"line":187,"column":94},"skip":true},"52":{"start":{"line":188,"column":12},"end":{"line":188,"column":48},"skip":true},"53":{"start":{"line":192,"column":8},"end":{"line":192,"column":35},"skip":true},"54":{"start":{"line":193,"column":8},"end":{"line":193,"column":14},"skip":true}},"branchMap":{"1":{"line":25,"type":"binary-expr","locations":[{"start":{"line":25,"column":23},"end":{"line":25,"column":62}},{"start":{"line":26,"column":20},"end":{"line":26,"column":70}},{"start":{"line":27,"column":20},"end":{"line":27,"column":71}},{"start":{"line":28,"column":20},"end":{"line":28,"column":29}}]},"2":{"line":30,"type":"binary-expr","locations":[{"start":{"line":30,"column":23},"end":{"line":30,"column":37}},{"start":{"line":31,"column":20},"end":{"line":31,"column":61}},{"start":{"line":32,"column":20},"end":{"line":32,"column":70}},{"start":{"line":33,"column":20},"end":{"line":33,"column":26}}]},"3":{"line":37,"type":"cond-expr","locations":[{"start":{"line":38,"column":14},"end":{"line":38,"column":20}},{"start":{"line":39,"column":14},"end":{"line":39,"column":20}}]},"4":{"line":40,"type":"switch","locations":[{"start":{"line":42,"column":8},"end":{"line":47,"column":18}},{"start":{"line":49,"column":8},"end":{"line":52,"column":18}}]},"5":{"line":44,"type":"binary-expr","locations":[{"start":{"line":44,"column":16},"end":{"line":44,"column":44}},{"start":{"line":44,"column":48},"end":{"line":44,"column":66}}]},"6":{"line":50,"type":"binary-expr","locations":[{"start":{"line":50,"column":21},"end":{"line":50,"column":49}},{"start":{"line":50,"column":53},"end":{"line":50,"column":72}}]},"7":{"line":64,"type":"switch","locations":[{"start":{"line":69,"column":4},"end":{"line":70,"column":14}},{"start":{"line":75,"column":4},"end":{"line":76,"column":14}}]},"8":{"line":85,"type":"switch","locations":[{"start":{"line":90,"column":4},"end":{"line":105,"column":14}},{"start":{"line":111,"column":4},"end":{"line":193,"column":14},"skip":true}]},"9":{"line":91,"type":"binary-expr","locations":[{"start":{"line":91,"column":42},"end":{"line":91,"column":73}},{"start":{"line":91,"column":77},"end":{"line":99,"column":9}}]},"10":{"line":102,"type":"binary-expr","locations":[{"start":{"line":102,"column":18},"end":{"line":102,"column":32}},{"start":{"line":103,"column":12},"end":{"line":103,"column":53}},{"start":{"line":104,"column":12},"end":{"line":104,"column":61}}]},"11":{"line":112,"type":"binary-expr","locations":[{"start":{"line":112,"column":45},"end":{"line":112,"column":79},"skip":true},{"start":{"line":112,"column":83},"end":{"line":121,"column":9},"skip":true}]},"12":{"line":123,"type":"binary-expr","locations":[{"start":{"line":123,"column":42},"end":{"line":123,"column":73},"skip":true},{"start":{"line":123,"column":77},"end":{"line":136,"column":9},"skip":true}]},"13":{"line":138,"type":"binary-expr","locations":[{"start":{"line":138,"column":48},"end":{"line":138,"column":85},"skip":true},{"start":{"line":139,"column":12},"end":{"line":145,"column":13},"skip":true}]},"14":{"line":147,"type":"binary-expr","locations":[{"start":{"line":147,"column":42},"end":{"line":147,"column":73},"skip":true},{"start":{"line":147,"column":77},"end":{"line":156,"column":9},"skip":true}]},"15":{"line":158,"type":"binary-expr","locations":[{"start":{"line":158,"column":45},"end":{"line":158,"column":79},"skip":true},{"start":{"line":158,"column":83},"end":{"line":167,"column":9},"skip":true}]},"16":{"line":169,"type":"binary-expr","locations":[{"start":{"line":169,"column":43},"end":{"line":169,"column":75},"skip":true},{"start":{"line":169,"column":79},"end":{"line":178,"column":9},"skip":true}]},"17":{"line":180,"type":"binary-expr","locations":[{"start":{"line":180,"column":41},"end":{"line":180,"column":71},"skip":true},{"start":{"line":180,"column":75},"end":{"line":189,"column":9},"skip":true}]}},"code":["/* istanbul instrument in package npmtest_excel4node */","/*jslint","    bitwise: true,","    browser: true,","    maxerr: 8,","    maxlen: 96,","    node: true,","    nomen: true,","    regexp: true,","    stupid: true","*/","(function () {","    'use strict';","    var local;","","","","    // run shared js-env code - pre-init","    (function () {","        // init local","        local = {};","        // init modeJs","        local.modeJs = (function () {","            try {","                return typeof navigator.userAgent === 'string' &&","                    typeof document.querySelector('body') === 'object' &&","                    typeof XMLHttpRequest.prototype.open === 'function' &&","                    'browser';","            } catch (errorCaughtBrowser) {","                return module.exports &&","                    typeof process.versions.node === 'string' &&","                    typeof require('http').createServer === 'function' &&","                    'node';","            }","        }());","        // init global","        local.global = local.modeJs === 'browser'","            ? window","            : global;","        switch (local.modeJs) {","        // re-init local from window.local","        case 'browser':","            local = local.global.utility2.objectSetDefault(","                local.global.utility2_rollup || local.global.local,","                local.global.utility2","            );","            break;","        // re-init local from example.js","        case 'node':","            local = (local.global.utility2_rollup || require('utility2'))","                .requireExampleJsFromReadme();","            break;","        }","        // export local","        local.global.local = local;","    }());","","","","    // run shared js-env code - function","    (function () {","        return;","    }());","    switch (local.modeJs) {","","","","    // run browser js-env code - function","    case 'browser':","        break;","","","","    // run node js-env code - function","    case 'node':","        break;","    }","","","","    // run shared js-env code - post-init","    (function () {","        return;","    }());","    switch (local.modeJs) {","","","","    // run browser js-env code - post-init","    case 'browser':","        local.testCase_browser_nullCase = local.testCase_browser_nullCase || function (","            options,","            onError","        ) {","        /*","         * this function will test browsers's null-case handling-behavior-behavior","         */","            onError(null, options);","        };","","        // run tests","        local.nop(local.modeTest &&","            document.querySelector('#testRunButton1') &&","            document.querySelector('#testRunButton1').click());","        break;","","","","    // run node js-env code - post-init","    /* istanbul ignore next */","    case 'node':","        local.testCase_buildApidoc_default = local.testCase_buildApidoc_default || function (","            options,","            onError","        ) {","        /*","         * this function will test buildApidoc's default handling-behavior-behavior","         */","            options = { modulePathList: module.paths };","            local.buildApidoc(options, onError);","        };","","        local.testCase_buildApp_default = local.testCase_buildApp_default || function (","            options,","            onError","        ) {","        /*","         * this function will test buildApp's default handling-behavior-behavior","         */","            local.testCase_buildReadme_default(options, local.onErrorThrow);","            local.testCase_buildLib_default(options, local.onErrorThrow);","            local.testCase_buildTest_default(options, local.onErrorThrow);","            local.testCase_buildCustomOrg_default(options, local.onErrorThrow);","            options = [];","            local.buildApp(options, onError);","        };","","        local.testCase_buildCustomOrg_default = local.testCase_buildCustomOrg_default ||","            function (options, onError) {","            /*","             * this function will test buildCustomOrg's default handling-behavior","             */","                options = {};","                local.buildCustomOrg(options, onError);","            };","","        local.testCase_buildLib_default = local.testCase_buildLib_default || function (","            options,","            onError","        ) {","        /*","         * this function will test buildLib's default handling-behavior","         */","            options = {};","            local.buildLib(options, onError);","        };","","        local.testCase_buildReadme_default = local.testCase_buildReadme_default || function (","            options,","            onError","        ) {","        /*","         * this function will test buildReadme's default handling-behavior-behavior","         */","            options = {};","            local.buildReadme(options, onError);","        };","","        local.testCase_buildTest_default = local.testCase_buildTest_default || function (","            options,","            onError","        ) {","        /*","         * this function will test buildTest's default handling-behavior","         */","            options = {};","            local.buildTest(options, onError);","        };","","        local.testCase_webpage_default = local.testCase_webpage_default || function (","            options,","            onError","        ) {","        /*","         * this function will test webpage's default handling-behavior","         */","            options = { modeCoverageMerge: true, url: local.serverLocalHost + '?modeTest=1' };","            local.browserTest(options, onError);","        };","","        // run test-server","        local.testRunServer(local);","        break;","    }","}());",""],"l":{"12":2,"14":2,"19":2,"21":2,"23":2,"24":2,"25":2,"30":1,"37":2,"40":2,"43":1,"47":1,"50":1,"52":1,"55":2,"61":2,"62":2,"64":2,"70":1,"76":1,"82":2,"83":2,"85":2,"91":1,"98":1,"102":1,"105":1,"112":1,"119":1,"120":1,"123":1,"130":1,"131":1,"132":1,"133":1,"134":1,"135":1,"138":1,"143":2,"144":2,"147":1,"154":2,"155":2,"158":1,"165":2,"166":2,"169":1,"176":2,"177":2,"180":1,"187":1,"188":1,"192":1,"193":1}},"/home/travis/build/npmtest/node-npmtest-excel4node/lib.npmtest_excel4node.js":{"path":"/home/travis/build/npmtest/node-npmtest-excel4node/lib.npmtest_excel4node.js","s":{"1":2,"2":2,"3":2,"4":2,"5":2,"6":2,"7":2,"8":1,"9":2,"10":2,"11":2,"12":2,"13":1,"14":1,"15":1,"16":1},"b":{"1":[2,1,1,1],"2":[1,1,1,1],"3":[1,1],"4":[2,2],"5":[1,1]},"f":{"1":2,"2":2,"3":2},"fnMap":{"1":{"name":"(anonymous_1)","line":12,"loc":{"start":{"line":12,"column":1},"end":{"line":12,"column":13}}},"2":{"name":"(anonymous_2)","line":19,"loc":{"start":{"line":19,"column":5},"end":{"line":19,"column":17}}},"3":{"name":"(anonymous_3)","line":23,"loc":{"start":{"line":23,"column":24},"end":{"line":23,"column":36}}}},"statementMap":{"1":{"start":{"line":12,"column":0},"end":{"line":53,"column":5}},"2":{"start":{"line":14,"column":4},"end":{"line":14,"column":14}},"3":{"start":{"line":19,"column":4},"end":{"line":52,"column":9}},"4":{"start":{"line":21,"column":8},"end":{"line":21,"column":19}},"5":{"start":{"line":23,"column":8},"end":{"line":35,"column":13}},"6":{"start":{"line":24,"column":12},"end":{"line":34,"column":13}},"7":{"start":{"line":25,"column":16},"end":{"line":28,"column":30}},"8":{"start":{"line":30,"column":16},"end":{"line":33,"column":27}},"9":{"start":{"line":37,"column":8},"end":{"line":39,"column":21}},"10":{"start":{"line":41,"column":8},"end":{"line":41,"column":54}},"11":{"start":{"line":43,"column":8},"end":{"line":43,"column":55}},"12":{"start":{"line":45,"column":8},"end":{"line":51,"column":9}},"13":{"start":{"line":46,"column":12},"end":{"line":46,"column":61}},"14":{"start":{"line":48,"column":12},"end":{"line":48,"column":35}},"15":{"start":{"line":49,"column":12},"end":{"line":49,"column":49}},"16":{"start":{"line":50,"column":12},"end":{"line":50,"column":43}}},"branchMap":{"1":{"line":25,"type":"binary-expr","locations":[{"start":{"line":25,"column":23},"end":{"line":25,"column":62}},{"start":{"line":26,"column":20},"end":{"line":26,"column":70}},{"start":{"line":27,"column":20},"end":{"line":27,"column":71}},{"start":{"line":28,"column":20},"end":{"line":28,"column":29}}]},"2":{"line":30,"type":"binary-expr","locations":[{"start":{"line":30,"column":23},"end":{"line":30,"column":37}},{"start":{"line":31,"column":20},"end":{"line":31,"column":61}},{"start":{"line":32,"column":20},"end":{"line":32,"column":70}},{"start":{"line":33,"column":20},"end":{"line":33,"column":26}}]},"3":{"line":37,"type":"cond-expr","locations":[{"start":{"line":38,"column":14},"end":{"line":38,"column":20}},{"start":{"line":39,"column":14},"end":{"line":39,"column":20}}]},"4":{"line":41,"type":"binary-expr","locations":[{"start":{"line":41,"column":16},"end":{"line":41,"column":44}},{"start":{"line":41,"column":48},"end":{"line":41,"column":53}}]},"5":{"line":45,"type":"if","locations":[{"start":{"line":45,"column":8},"end":{"line":45,"column":8}},{"start":{"line":45,"column":8},"end":{"line":45,"column":8}}]}},"code":["/* istanbul instrument in package npmtest_excel4node */","/*jslint","    bitwise: true,","    browser: true,","    maxerr: 8,","    maxlen: 96,","    node: true,","    nomen: true,","    regexp: true,","    stupid: true","*/","(function () {","    'use strict';","    var local;","","","","    // run shared js-env code - pre-init","    (function () {","        // init local","        local = {};","        // init modeJs","        local.modeJs = (function () {","            try {","                return typeof navigator.userAgent === 'string' &&","                    typeof document.querySelector('body') === 'object' &&","                    typeof XMLHttpRequest.prototype.open === 'function' &&","                    'browser';","            } catch (errorCaughtBrowser) {","                return module.exports &&","                    typeof process.versions.node === 'string' &&","                    typeof require('http').createServer === 'function' &&","                    'node';","            }","        }());","        // init global","        local.global = local.modeJs === 'browser'","            ? window","            : global;","        // init utility2_rollup","        local = local.global.utility2_rollup || local;","        // init lib","        local.local = local.npmtest_excel4node = local;","        // init exports","        if (local.modeJs === 'browser') {","            local.global.utility2_npmtest_excel4node = local;","        } else {","            module.exports = local;","            module.exports.__dirname = __dirname;","            module.exports.module = module;","        }","    }());","}());",""],"l":{"12":2,"14":2,"19":2,"21":2,"23":2,"24":2,"25":2,"30":1,"37":2,"41":2,"43":2,"45":2,"46":1,"48":1,"49":1,"50":1}},"/home/travis/build/npmtest/node-npmtest-excel4node/example.js":{"path":"/home/travis/build/npmtest/node-npmtest-excel4node/example.js","s":{"1":2,"2":2,"3":2,"4":2,"5":2,"6":2,"7":2,"8":1,"9":2,"10":2,"11":2,"12":2,"13":1,"14":2,"15":2,"16":2,"17":2,"18":2,"19":0,"20":2,"21":1,"22":1,"23":1,"24":1,"25":1,"26":0,"27":0,"28":1,"29":1,"30":2,"31":0,"32":0,"33":0,"34":1,"35":2,"36":2,"37":3,"38":3,"39":3,"40":3,"41":0,"42":3,"43":3,"44":3,"45":1,"46":3,"47":1,"48":1,"49":1,"50":1,"51":1,"52":1,"53":1,"54":1,"55":1,"56":1,"57":0,"58":1,"59":6,"60":6,"61":1,"62":2,"63":0,"64":2,"65":1,"66":1,"67":0,"68":0,"69":0,"70":0,"71":0,"72":0,"73":0,"74":0,"75":0,"76":0,"77":0,"78":0,"79":0,"80":0,"81":0,"82":0,"83":0},"b":{"1":[2,1,1,1],"2":[1,1,1,1],"3":[1,1],"4":[2,2],"5":[1,1],"6":[1,1],"7":[2,0],"8":[2,1,1,1,1,1],"9":[0,2,0],"10":[1,1],"11":[2,1,1],"12":[1,0],"13":[0,2],"14":[2,0,0,0,0,0,0],"15":[0,3],"16":[3,0],"17":[1,1],"18":[0,1],"19":[1,2,0,2],"20":[1,0],"21":[1,1],"22":[0,0],"23":[0,0],"24":[0,0],"25":[0,0],"26":[0,0],"27":[0,0],"28":[0,0]},"f":{"1":2,"2":2,"3":2,"4":2,"5":2,"6":2,"7":3,"8":3,"9":3,"10":1,"11":6,"12":0},"fnMap":{"1":{"name":"(anonymous_1)","line":26,"loc":{"start":{"line":26,"column":1},"end":{"line":26,"column":13}}},"2":{"name":"(anonymous_2)","line":33,"loc":{"start":{"line":33,"column":5},"end":{"line":33,"column":17}}},"3":{"name":"(anonymous_3)","line":37,"loc":{"start":{"line":37,"column":24},"end":{"line":37,"column":36}}},"4":{"name":"(anonymous_4)","line":69,"loc":{"start":{"line":69,"column":31},"end":{"line":69,"column":48}},"skip":true},"5":{"name":"(anonymous_5)","line":78,"loc":{"start":{"line":78,"column":26},"end":{"line":78,"column":45}},"skip":true},"6":{"name":"(anonymous_6)","line":123,"loc":{"start":{"line":123,"column":33},"end":{"line":123,"column":48}},"skip":true},"7":{"name":"(anonymous_7)","line":125,"loc":{"start":{"line":125,"column":27},"end":{"line":125,"column":39}},"skip":true},"8":{"name":"(anonymous_8)","line":133,"loc":{"start":{"line":133,"column":59},"end":{"line":133,"column":74}},"skip":true},"9":{"name":"(anonymous_9)","line":143,"loc":{"start":{"line":143,"column":45},"end":{"line":143,"column":62}},"skip":true},"10":{"name":"(anonymous_10)","line":144,"loc":{"start":{"line":144,"column":73},"end":{"line":144,"column":92}},"skip":true},"11":{"name":"(anonymous_11)","line":272,"loc":{"start":{"line":272,"column":51},"end":{"line":272,"column":77}},"skip":true},"12":{"name":"(anonymous_12)","line":315,"loc":{"start":{"line":315,"column":32},"end":{"line":315,"column":61}},"skip":true}},"statementMap":{"1":{"start":{"line":26,"column":0},"end":{"line":326,"column":5}},"2":{"start":{"line":28,"column":4},"end":{"line":28,"column":14}},"3":{"start":{"line":33,"column":4},"end":{"line":60,"column":9}},"4":{"start":{"line":35,"column":8},"end":{"line":35,"column":19}},"5":{"start":{"line":37,"column":8},"end":{"line":49,"column":13}},"6":{"start":{"line":38,"column":12},"end":{"line":48,"column":13}},"7":{"start":{"line":39,"column":16},"end":{"line":42,"column":30}},"8":{"start":{"line":44,"column":16},"end":{"line":47,"column":27}},"9":{"start":{"line":51,"column":8},"end":{"line":53,"column":21}},"10":{"start":{"line":55,"column":8},"end":{"line":57,"column":45}},"11":{"start":{"line":59,"column":8},"end":{"line":59,"column":35}},"12":{"start":{"line":61,"column":4},"end":{"line":325,"column":5}},"13":{"start":{"line":69,"column":8},"end":{"line":121,"column":10},"skip":true},"14":{"start":{"line":70,"column":12},"end":{"line":88,"column":13},"skip":true},"15":{"start":{"line":76,"column":16},"end":{"line":87,"column":19},"skip":true},"16":{"start":{"line":79,"column":20},"end":{"line":86,"column":21},"skip":true},"17":{"start":{"line":82,"column":24},"end":{"line":82,"column":43},"skip":true},"18":{"start":{"line":83,"column":24},"end":{"line":83,"column":30},"skip":true},"19":{"start":{"line":85,"column":24},"end":{"line":85,"column":49},"skip":true},"20":{"start":{"line":89,"column":12},"end":{"line":107,"column":13},"skip":true},"21":{"start":{"line":92,"column":16},"end":{"line":102,"column":17},"skip":true},"22":{"start":{"line":93,"column":20},"end":{"line":93,"column":86},"skip":true},"23":{"start":{"line":94,"column":20},"end":{"line":95,"column":45},"skip":true},"24":{"start":{"line":96,"column":20},"end":{"line":96,"column":42},"skip":true},"25":{"start":{"line":97,"column":20},"end":{"line":97,"column":48},"skip":true},"26":{"start":{"line":100,"column":20},"end":{"line":100,"column":85},"skip":true},"27":{"start":{"line":101,"column":20},"end":{"line":101,"column":96},"skip":true},"28":{"start":{"line":103,"column":16},"end":{"line":103,"column":22},"skip":true},"29":{"start":{"line":106,"column":16},"end":{"line":106,"column":22},"skip":true},"30":{"start":{"line":108,"column":12},"end":{"line":120,"column":13},"skip":true},"31":{"start":{"line":114,"column":16},"end":{"line":119,"column":17},"skip":true},"32":{"start":{"line":116,"column":20},"end":{"line":116,"column":78},"skip":true},"33":{"start":{"line":118,"column":20},"end":{"line":118,"column":47},"skip":true},"34":{"start":{"line":123,"column":8},"end":{"line":141,"column":11},"skip":true},"35":{"start":{"line":124,"column":12},"end":{"line":124,"column":54},"skip":true},"36":{"start":{"line":125,"column":12},"end":{"line":140,"column":14},"skip":true},"37":{"start":{"line":126,"column":16},"end":{"line":126,"column":28},"skip":true},"38":{"start":{"line":127,"column":16},"end":{"line":127,"column":69},"skip":true},"39":{"start":{"line":128,"column":16},"end":{"line":128,"column":75},"skip":true},"40":{"start":{"line":129,"column":16},"end":{"line":131,"column":17},"skip":true},"41":{"start":{"line":130,"column":20},"end":{"line":130,"column":27},"skip":true},"42":{"start":{"line":133,"column":16},"end":{"line":137,"column":36},"skip":true},"43":{"start":{"line":134,"column":20},"end":{"line":136,"column":55},"skip":true},"44":{"start":{"line":139,"column":16},"end":{"line":139,"column":57},"skip":true},"45":{"start":{"line":143,"column":8},"end":{"line":147,"column":11},"skip":true},"46":{"start":{"line":144,"column":12},"end":{"line":146,"column":15},"skip":true},"47":{"start":{"line":145,"column":16},"end":{"line":145,"column":70},"skip":true},"48":{"start":{"line":149,"column":8},"end":{"line":149,"column":31},"skip":true},"49":{"start":{"line":150,"column":8},"end":{"line":150,"column":14},"skip":true},"50":{"start":{"line":158,"column":8},"end":{"line":158,"column":31},"skip":true},"51":{"start":{"line":160,"column":8},"end":{"line":160,"column":33},"skip":true},"52":{"start":{"line":161,"column":8},"end":{"line":161,"column":37},"skip":true},"53":{"start":{"line":162,"column":8},"end":{"line":162,"column":35},"skip":true},"54":{"start":{"line":164,"column":8},"end":{"line":164,"column":50},"skip":true},"55":{"start":{"line":166,"column":8},"end":{"line":256,"column":2},"skip":true},"56":{"start":{"line":258,"column":8},"end":{"line":286,"column":9},"skip":true},"57":{"start":{"line":259,"column":12},"end":{"line":269,"column":14},"skip":true},"58":{"start":{"line":271,"column":12},"end":{"line":285,"column":19},"skip":true},"59":{"start":{"line":274,"column":20},"end":{"line":274,"column":35},"skip":true},"60":{"start":{"line":275,"column":20},"end":{"line":284,"column":21},"skip":true},"61":{"start":{"line":277,"column":24},"end":{"line":277,"column":64},"skip":true},"62":{"start":{"line":279,"column":24},"end":{"line":279,"column":40},"skip":true},"63":{"start":{"line":281,"column":24},"end":{"line":281,"column":40},"skip":true},"64":{"start":{"line":283,"column":24},"end":{"line":283,"column":39},"skip":true},"65":{"start":{"line":288,"column":8},"end":{"line":290,"column":9},"skip":true},"66":{"start":{"line":289,"column":12},"end":{"line":289,"column":18},"skip":true},"67":{"start":{"line":291,"column":8},"end":{"line":293,"column":54},"skip":true},"68":{"start":{"line":296,"column":8},"end":{"line":301,"column":37},"skip":true},"69":{"start":{"line":303,"column":8},"end":{"line":303,"column":82},"skip":true},"70":{"start":{"line":306,"column":8},"end":{"line":308,"column":9},"skip":true},"71":{"start":{"line":307,"column":12},"end":{"line":307,"column":82},"skip":true},"72":{"start":{"line":310,"column":8},"end":{"line":312,"column":9},"skip":true},"73":{"start":{"line":311,"column":12},"end":{"line":311,"column":18},"skip":true},"74":{"start":{"line":313,"column":8},"end":{"line":313,"column":54},"skip":true},"75":{"start":{"line":314,"column":8},"end":{"line":314,"column":69},"skip":true},"76":{"start":{"line":315,"column":8},"end":{"line":323,"column":36},"skip":true},"77":{"start":{"line":316,"column":12},"end":{"line":316,"column":61},"skip":true},"78":{"start":{"line":317,"column":12},"end":{"line":320,"column":13},"skip":true},"79":{"start":{"line":318,"column":16},"end":{"line":318,"column":75},"skip":true},"80":{"start":{"line":319,"column":16},"end":{"line":319,"column":23},"skip":true},"81":{"start":{"line":321,"column":12},"end":{"line":321,"column":38},"skip":true},"82":{"start":{"line":322,"column":12},"end":{"line":322,"column":27},"skip":true},"83":{"start":{"line":324,"column":8},"end":{"line":324,"column":14},"skip":true}},"branchMap":{"1":{"line":39,"type":"binary-expr","locations":[{"start":{"line":39,"column":23},"end":{"line":39,"column":62}},{"start":{"line":40,"column":20},"end":{"line":40,"column":70}},{"start":{"line":41,"column":20},"end":{"line":41,"column":71}},{"start":{"line":42,"column":20},"end":{"line":42,"column":29}}]},"2":{"line":44,"type":"binary-expr","locations":[{"start":{"line":44,"column":23},"end":{"line":44,"column":37}},{"start":{"line":45,"column":20},"end":{"line":45,"column":61}},{"start":{"line":46,"column":20},"end":{"line":46,"column":70}},{"start":{"line":47,"column":20},"end":{"line":47,"column":26}}]},"3":{"line":51,"type":"cond-expr","locations":[{"start":{"line":52,"column":14},"end":{"line":52,"column":20}},{"start":{"line":53,"column":14},"end":{"line":53,"column":20}}]},"4":{"line":55,"type":"binary-expr","locations":[{"start":{"line":55,"column":16},"end":{"line":55,"column":44}},{"start":{"line":55,"column":49},"end":{"line":57,"column":43}}]},"5":{"line":55,"type":"cond-expr","locations":[{"start":{"line":56,"column":14},"end":{"line":56,"column":54}},{"start":{"line":57,"column":14},"end":{"line":57,"column":43}}]},"6":{"line":61,"type":"switch","locations":[{"start":{"line":68,"column":4},"end":{"line":150,"column":14},"skip":true},{"start":{"line":156,"column":4},"end":{"line":324,"column":14},"skip":true}]},"7":{"line":70,"type":"if","locations":[{"start":{"line":70,"column":12},"end":{"line":70,"column":12},"skip":true},{"start":{"line":70,"column":12},"end":{"line":70,"column":12},"skip":true}]},"8":{"line":70,"type":"binary-expr","locations":[{"start":{"line":70,"column":16},"end":{"line":70,"column":22},"skip":true},{"start":{"line":70,"column":27},"end":{"line":70,"column":32},"skip":true},{"start":{"line":71,"column":20},"end":{"line":71,"column":39},"skip":true},{"start":{"line":72,"column":20},"end":{"line":72,"column":49},"skip":true},{"start":{"line":73,"column":20},"end":{"line":73,"column":58},"skip":true},{"start":{"line":74,"column":20},"end":{"line":74,"column":69},"skip":true}]},"9":{"line":79,"type":"switch","locations":[{"start":{"line":80,"column":20},"end":{"line":80,"column":33},"skip":true},{"start":{"line":81,"column":20},"end":{"line":83,"column":30},"skip":true},{"start":{"line":84,"column":20},"end":{"line":85,"column":49},"skip":true}]},"10":{"line":89,"type":"switch","locations":[{"start":{"line":90,"column":12},"end":{"line":103,"column":22},"skip":true},{"start":{"line":105,"column":12},"end":{"line":106,"column":22},"skip":true}]},"11":{"line":89,"type":"binary-expr","locations":[{"start":{"line":89,"column":20},"end":{"line":89,"column":25},"skip":true},{"start":{"line":89,"column":29},"end":{"line":89,"column":48},"skip":true},{"start":{"line":89,"column":52},"end":{"line":89,"column":74},"skip":true}]},"12":{"line":92,"type":"if","locations":[{"start":{"line":92,"column":16},"end":{"line":92,"column":16},"skip":true},{"start":{"line":92,"column":16},"end":{"line":92,"column":16},"skip":true}]},"13":{"line":108,"type":"if","locations":[{"start":{"line":108,"column":12},"end":{"line":108,"column":12},"skip":true},{"start":{"line":108,"column":12},"end":{"line":108,"column":12},"skip":true}]},"14":{"line":108,"type":"binary-expr","locations":[{"start":{"line":108,"column":16},"end":{"line":108,"column":61},"skip":true},{"start":{"line":108,"column":66},"end":{"line":108,"column":72},"skip":true},{"start":{"line":108,"column":77},"end":{"line":108,"column":82},"skip":true},{"start":{"line":109,"column":20},"end":{"line":109,"column":39},"skip":true},{"start":{"line":110,"column":20},"end":{"line":110,"column":49},"skip":true},{"start":{"line":111,"column":20},"end":{"line":111,"column":58},"skip":true},{"start":{"line":112,"column":20},"end":{"line":112,"column":68},"skip":true}]},"15":{"line":129,"type":"if","locations":[{"start":{"line":129,"column":16},"end":{"line":129,"column":16},"skip":true},{"start":{"line":129,"column":16},"end":{"line":129,"column":16},"skip":true}]},"16":{"line":134,"type":"cond-expr","locations":[{"start":{"line":135,"column":26},"end":{"line":135,"column":29},"skip":true},{"start":{"line":136,"column":26},"end":{"line":136,"column":54},"skip":true}]},"17":{"line":164,"type":"binary-expr","locations":[{"start":{"line":164,"column":27},"end":{"line":164,"column":43},"skip":true},{"start":{"line":164,"column":47},"end":{"line":164,"column":49},"skip":true}]},"18":{"line":258,"type":"if","locations":[{"start":{"line":258,"column":8},"end":{"line":258,"column":8},"skip":true},{"start":{"line":258,"column":8},"end":{"line":258,"column":8},"skip":true}]},"19":{"line":275,"type":"switch","locations":[{"start":{"line":276,"column":20},"end":{"line":277,"column":64},"skip":true},{"start":{"line":278,"column":20},"end":{"line":279,"column":40},"skip":true},{"start":{"line":280,"column":20},"end":{"line":281,"column":40},"skip":true},{"start":{"line":282,"column":20},"end":{"line":283,"column":39},"skip":true}]},"20":{"line":288,"type":"if","locations":[{"start":{"line":288,"column":8},"end":{"line":288,"column":8},"skip":true},{"start":{"line":288,"column":8},"end":{"line":288,"column":8},"skip":true}]},"21":{"line":288,"type":"binary-expr","locations":[{"start":{"line":288,"column":12},"end":{"line":288,"column":40},"skip":true},{"start":{"line":288,"column":44},"end":{"line":288,"column":67},"skip":true}]},"22":{"line":292,"type":"binary-expr","locations":[{"start":{"line":292,"column":12},"end":{"line":292,"column":50},"skip":true},{"start":{"line":293,"column":12},"end":{"line":293,"column":53},"skip":true}]},"23":{"line":297,"type":"binary-expr","locations":[{"start":{"line":297,"column":12},"end":{"line":297,"column":68},"skip":true},{"start":{"line":298,"column":12},"end":{"line":301,"column":36},"skip":true}]},"24":{"line":303,"type":"binary-expr","locations":[{"start":{"line":303,"column":43},"end":{"line":303,"column":75},"skip":true},{"start":{"line":303,"column":79},"end":{"line":303,"column":81},"skip":true}]},"25":{"line":306,"type":"if","locations":[{"start":{"line":306,"column":8},"end":{"line":306,"column":8},"skip":true},{"start":{"line":306,"column":8},"end":{"line":306,"column":8},"skip":true}]},"26":{"line":310,"type":"if","locations":[{"start":{"line":310,"column":8},"end":{"line":310,"column":8},"skip":true},{"start":{"line":310,"column":8},"end":{"line":310,"column":8},"skip":true}]},"27":{"line":313,"type":"binary-expr","locations":[{"start":{"line":313,"column":27},"end":{"line":313,"column":43},"skip":true},{"start":{"line":313,"column":47},"end":{"line":313,"column":53},"skip":true}]},"28":{"line":317,"type":"if","locations":[{"start":{"line":317,"column":12},"end":{"line":317,"column":12},"skip":true},{"start":{"line":317,"column":12},"end":{"line":317,"column":12},"skip":true}]}},"code":["/*","example.js","","quickstart example","","instruction","    1. save this script as example.js","    2. run the shell command:","        $ npm install npmtest-excel4node && PORT=8081 node example.js","    3. play with the browser-demo on http://127.0.0.1:8081","*/","","","","/* istanbul instrument in package npmtest_excel4node */","/*jslint","    bitwise: true,","    browser: true,","    maxerr: 8,","    maxlen: 96,","    node: true,","    nomen: true,","    regexp: true,","    stupid: true","*/","(function () {","    'use strict';","    var local;","","","","    // run shared js-env code - pre-init","    (function () {","        // init local","        local = {};","        // init modeJs","        local.modeJs = (function () {","            try {","                return typeof navigator.userAgent === 'string' &&","                    typeof document.querySelector('body') === 'object' &&","                    typeof XMLHttpRequest.prototype.open === 'function' &&","                    'browser';","            } catch (errorCaughtBrowser) {","                return module.exports &&","                    typeof process.versions.node === 'string' &&","                    typeof require('http').createServer === 'function' &&","                    'node';","            }","        }());","        // init global","        local.global = local.modeJs === 'browser'","            ? window","            : global;","        // init utility2_rollup","        local = local.global.utility2_rollup || (local.modeJs === 'browser'","            ? local.global.utility2_npmtest_excel4node","            : global.utility2_moduleExports);","        // export local","        local.global.local = local;","    }());","    switch (local.modeJs) {","","","","    // post-init","    // run browser js-env code - post-init","    /* istanbul ignore next */","    case 'browser':","        local.testRunBrowser = function (event) {","            if (!event || (event &&","                    event.currentTarget &&","                    event.currentTarget.className &&","                    event.currentTarget.className.includes &&","                    event.currentTarget.className.includes('onreset'))) {","                // reset output","                Array.from(","                    document.querySelectorAll('body > .resettable')","                ).forEach(function (element) {","                    switch (element.tagName) {","                    case 'INPUT':","                    case 'TEXTAREA':","                        element.value = '';","                        break;","                    default:","                        element.textContent = '';","                    }","                });","            }","            switch (event && event.currentTarget && event.currentTarget.id) {","            case 'testRunButton1':","                // show tests","                if (document.querySelector('#testReportDiv1').style.display === 'none') {","                    document.querySelector('#testReportDiv1').style.display = 'block';","                    document.querySelector('#testRunButton1').textContent =","                        'hide internal test';","                    local.modeTest = true;","                    local.testRunDefault(local);","                // hide tests","                } else {","                    document.querySelector('#testReportDiv1').style.display = 'none';","                    document.querySelector('#testRunButton1').textContent = 'run internal test';","                }","                break;","            // custom-case","            default:","                break;","            }","            if (document.querySelector('#inputTextareaEval1') && (!event || (event &&","                    event.currentTarget &&","                    event.currentTarget.className &&","                    event.currentTarget.className.includes &&","                    event.currentTarget.className.includes('oneval')))) {","                // try to eval input-code","                try {","                    /*jslint evil: true*/","                    eval(document.querySelector('#inputTextareaEval1').value);","                } catch (errorCaught) {","                    console.error(errorCaught);","                }","            }","        };","        // log stderr and stdout to #outputTextareaStdout1","        ['error', 'log'].forEach(function (key) {","            console[key + '_original'] = console[key];","            console[key] = function () {","                var element;","                console[key + '_original'].apply(console, arguments);","                element = document.querySelector('#outputTextareaStdout1');","                if (!element) {","                    return;","                }","                // append text to #outputTextareaStdout1","                element.value += Array.from(arguments).map(function (arg) {","                    return typeof arg === 'string'","                        ? arg","                        : JSON.stringify(arg, null, 4);","                }).join(' ') + '\\n';","                // scroll textarea to bottom","                element.scrollTop = element.scrollHeight;","            };","        });","        // init event-handling","        ['change', 'click', 'keyup'].forEach(function (event) {","            Array.from(document.querySelectorAll('.on' + event)).forEach(function (element) {","                element.addEventListener(event, local.testRunBrowser);","            });","        });","        // run tests","        local.testRunBrowser();","        break;","","","","    // run node js-env code - post-init","    /* istanbul ignore next */","    case 'node':","        // export local","        module.exports = local;","        // require modules","        local.fs = require('fs');","        local.http = require('http');","        local.url = require('url');","        // init assets","        local.assetsDict = local.assetsDict || {};","        /* jslint-ignore-begin */","        local.assetsDict['/assets.index.template.html'] = '\\","<!doctype html>\\n\\","<html lang=\"en\">\\n\\","<head>\\n\\","<meta charset=\"UTF-8\">\\n\\","<meta name=\"viewport\" content=\"width=device-width, initial-scale=1\">\\n\\","<title>{{env.npm_package_name}} (v{{env.npm_package_version}})</title>\\n\\","<style>\\n\\","/*csslint\\n\\","    box-sizing: false,\\n\\","    universal-selector: false\\n\\","*/\\n\\","* {\\n\\","    box-sizing: border-box;\\n\\","}\\n\\","body {\\n\\","    background: #dde;\\n\\","    font-family: Arial, Helvetica, sans-serif;\\n\\","    margin: 2rem;\\n\\","}\\n\\","body > * {\\n\\","    margin-bottom: 1rem;\\n\\","}\\n\\",".utility2FooterDiv {\\n\\","    margin-top: 20px;\\n\\","    text-align: center;\\n\\","}\\n\\","</style>\\n\\","<style>\\n\\","/*csslint\\n\\","*/\\n\\","textarea {\\n\\","    font-family: monospace;\\n\\","    height: 10rem;\\n\\","    width: 100%;\\n\\","}\\n\\","textarea[readonly] {\\n\\","    background: #ddd;\\n\\","}\\n\\","</style>\\n\\","</head>\\n\\","<body>\\n\\","<!-- utility2-comment\\n\\","<div id=\"ajaxProgressDiv1\" style=\"background: #d00; height: 2px; left: 0; margin: 0; padding: 0; position: fixed; top: 0; transition: background 0.5s, width 1.5s; width: 25%;\"></div>\\n\\","utility2-comment -->\\n\\","<h1>\\n\\","<!-- utility2-comment\\n\\","    <a\\n\\","        {{#if env.npm_package_homepage}}\\n\\","        href=\"{{env.npm_package_homepage}}\"\\n\\","        {{/if env.npm_package_homepage}}\\n\\","        target=\"_blank\"\\n\\","    >\\n\\","utility2-comment -->\\n\\","        {{env.npm_package_name}} (v{{env.npm_package_version}})\\n\\","<!-- utility2-comment\\n\\","    </a>\\n\\","utility2-comment -->\\n\\","</h1>\\n\\","<h3>{{env.npm_package_description}}</h3>\\n\\","<!-- utility2-comment\\n\\","<h4><a download href=\"assets.app.js\">download standalone app</a></h4>\\n\\","<button class=\"onclick onreset\" id=\"testRunButton1\">run internal test</button><br>\\n\\","<div id=\"testReportDiv1\" style=\"display: none;\"></div>\\n\\","utility2-comment -->\\n\\","\\n\\","\\n\\","\\n\\","<label>stderr and stdout</label>\\n\\","<textarea class=\"resettable\" id=\"outputTextareaStdout1\" readonly></textarea>\\n\\","<!-- utility2-comment\\n\\","{{#if isRollup}}\\n\\","<script src=\"assets.app.js\"></script>\\n\\","{{#unless isRollup}}\\n\\","utility2-comment -->\\n\\","<script src=\"assets.utility2.rollup.js\"></script>\\n\\","<script src=\"jsonp.utility2._stateInit?callback=window.utility2._stateInit\"></script>\\n\\","<script src=\"assets.npmtest_excel4node.rollup.js\"></script>\\n\\","<script src=\"assets.example.js\"></script>\\n\\","<script src=\"assets.test.js\"></script>\\n\\","<!-- utility2-comment\\n\\","{{/if isRollup}}\\n\\","utility2-comment -->\\n\\","<div class=\"utility2FooterDiv\">\\n\\","    [ this app was created with\\n\\","    <a href=\"https://github.com/kaizhu256/node-utility2\" target=\"_blank\">utility2</a>\\n\\","    ]\\n\\","</div>\\n\\","</body>\\n\\","</html>\\n\\","';","        /* jslint-ignore-end */","        if (local.templateRender) {","            local.assetsDict['/'] = local.templateRender(","                local.assetsDict['/assets.index.template.html'],","                {","                    env: local.objectSetDefault(local.env, {","                        npm_package_description: 'the greatest app in the world!',","                        npm_package_name: 'my-app',","                        npm_package_nameAlias: 'my_app',","                        npm_package_version: '0.0.1'","                    })","                }","            );","        } else {","            local.assetsDict['/'] = local.assetsDict['/assets.index.template.html']","                .replace((/\\{\\{env\\.(\\w+?)\\}\\}/g), function (match0, match1) {","                    // jslint-hack","                    String(match0);","                    switch (match1) {","                    case 'npm_package_description':","                        return 'the greatest app in the world!';","                    case 'npm_package_name':","                        return 'my-app';","                    case 'npm_package_nameAlias':","                        return 'my_app';","                    case 'npm_package_version':","                        return '0.0.1';","                    }","                });","        }","        // run the cli","        if (local.global.utility2_rollup || module !== require.main) {","            break;","        }","        local.assetsDict['/assets.example.js'] =","            local.assetsDict['/assets.example.js'] ||","            local.fs.readFileSync(__filename, 'utf8');","        // bug-workaround - long $npm_package_buildCustomOrg","        /* jslint-ignore-begin */","        local.assetsDict['/assets.npmtest_excel4node.rollup.js'] =","            local.assetsDict['/assets.npmtest_excel4node.rollup.js'] ||","            local.fs.readFileSync(","                local.npmtest_excel4node.__dirname + '/lib.npmtest_excel4node.js',","                'utf8'","            ).replace((/^#!/), '//');","        /* jslint-ignore-end */","        local.assetsDict['/favicon.ico'] = local.assetsDict['/favicon.ico'] || '';","        // if $npm_config_timeout_exit exists,","        // then exit this process after $npm_config_timeout_exit ms","        if (Number(process.env.npm_config_timeout_exit)) {","            setTimeout(process.exit, Number(process.env.npm_config_timeout_exit));","        }","        // start server","        if (local.global.utility2_serverHttp1) {","            break;","        }","        process.env.PORT = process.env.PORT || '8081';","        console.error('server starting on port ' + process.env.PORT);","        local.http.createServer(function (request, response) {","            request.urlParsed = local.url.parse(request.url);","            if (local.assetsDict[request.urlParsed.pathname] !== undefined) {","                response.end(local.assetsDict[request.urlParsed.pathname]);","                return;","            }","            response.statusCode = 404;","            response.end();","        }).listen(process.env.PORT);","        break;","    }","}());",""],"l":{"26":2,"28":2,"33":2,"35":2,"37":2,"38":2,"39":2,"44":1,"51":2,"55":2,"59":2,"61":2,"69":1,"70":2,"76":2,"79":2,"82":2,"83":2,"85":1,"89":2,"92":1,"93":1,"94":1,"96":1,"97":1,"100":1,"101":1,"103":1,"106":1,"108":2,"114":1,"116":1,"118":1,"123":1,"124":2,"125":2,"126":3,"127":3,"128":3,"129":3,"130":1,"133":3,"134":3,"139":3,"143":1,"144":3,"145":1,"149":1,"150":1,"158":1,"160":1,"161":1,"162":1,"164":1,"166":1,"258":1,"259":1,"271":1,"274":6,"275":6,"277":1,"279":2,"281":1,"283":2,"288":1,"289":1,"291":1,"296":1,"303":1,"306":1,"307":1,"310":1,"311":1,"313":1,"314":1,"315":1,"316":1,"317":1,"318":1,"319":1,"321":1,"322":1,"324":1}},"/home/travis/build/npmtest/node-npmtest-excel4node/node_modules/excel4node/distribution/index.js":{"path":"/home/travis/build/npmtest/node-npmtest-excel4node/node_modules/excel4node/distribution/index.js","s":{"1":1,"2":1,"3":1},"b":{},"f":{},"fnMap":{},"statementMap":{"1":{"start":{"line":17,"column":0},"end":{"line":17,"column":38}},"2":{"start":{"line":18,"column":0},"end":{"line":18,"column":44}},"3":{"start":{"line":20,"column":0},"end":{"line":39,"column":2}}},"branchMap":{},"code":["'use strict';","","/* REFERENCES","    http://www.ecma-international.org/news/TC45_current_work/OpenXML%20White%20Paper.pdf","    http://www.ecma-international.org/publications/standards/Ecma-376.htm","    http://www.openoffice.org/sc/excelfileformat.pdf ","    http://officeopenxml.com/anatomyofOOXML-xlsx.php","*/","","/* ","    Code references specifications sections from ECMA-376 2nd edition doc","    ECMA-376, Second Edition, Part 1 - Fundamentals And Markup Language Reference.pdf","    found in ECMA-376 2nd edition Part 1 download at http://www.ecma-international.org/publications/standards/Ecma-376.htm","    Sections are referenced in code comments with § ","*/","","var utils = require('./lib/utils.js');","var types = require('./lib/types/index.js');","","module.exports = {","    Workbook: require('./lib/workbook/index.js'),","    getExcelRowCol: utils.getExcelRowCol,","    getExcelAlpha: utils.getExcelAlpha,","    getExcelTS: utils.getExcelTS,","    getExcelCellRef: utils.getExcelCellRef,","    PaperSize: types.paperSize,","    CellComment: types.cellComments,","    PrintError: types.printError,","    PageOrder: types.pageOrder,","    Orientation: types.orientation,","    Pane: types.pane,","    PaneState: types.paneState,","    HorizontalAlignment: types.alignment.horizontal,","    VerticalAlignment: types.alignment.vertical,","    BorderStyle: types.borderStyle,","    PresetColorVal: types.excelColor,","    PatternType: types.fillPattern,","    PositiveUniversalMeasure: types.positiveUniversalMeasure","};","//# sourceMappingURL=index.js.map"],"l":{"17":1,"18":1,"20":1}},"/home/travis/build/npmtest/node-npmtest-excel4node/node_modules/excel4node/distribution/lib/utils.js":{"path":"/home/travis/build/npmtest/node-npmtest-excel4node/node_modules/excel4node/distribution/lib/utils.js","s":{"1":1,"2":1,"3":0,"4":0,"5":0,"6":0,"7":0,"8":0,"9":0,"10":0,"11":0,"12":0,"13":1,"14":0,"15":0,"16":0,"17":0,"18":0,"19":1,"20":0,"21":1,"22":0,"23":0,"24":0,"25":0,"26":0,"27":0,"28":0,"29":0,"30":0,"31":0,"32":1,"33":0,"34":0,"35":0,"36":0,"37":0,"38":0,"39":0,"40":0,"41":0,"42":0,"43":1,"44":8,"45":8,"46":8,"47":8,"48":8,"49":8,"50":8,"51":8,"52":1,"53":0,"54":0,"55":0,"56":0,"57":0,"58":0,"59":0,"60":0,"61":1,"62":0,"63":0,"64":0,"65":0,"66":0,"67":0,"68":0,"69":0,"70":1,"71":0,"72":0,"73":0,"74":0,"75":0,"76":0,"77":0,"78":0,"79":1,"80":0,"81":0,"82":0,"83":0,"84":0,"85":1,"86":0,"87":0,"88":0,"89":0,"90":0,"91":0,"92":0,"93":0,"94":0,"95":0,"96":0,"97":0,"98":0,"99":1,"100":0,"101":0,"102":0,"103":0,"104":1,"105":0,"106":0,"107":0,"108":0,"109":0,"110":0,"111":0,"112":1,"113":0,"114":0,"115":0,"116":0,"117":0,"118":0,"119":0,"120":0,"121":0,"122":1},"b":{"1":[0,0],"2":[0,0],"3":[0,0],"4":[0,0],"5":[0,0],"6":[0,0],"7":[0,0],"8":[0,0],"9":[0,0],"10":[0,0],"11":[0,0],"12":[0,0],"13":[0,0],"14":[0,0],"15":[0,0]},"f":{"1":0,"2":0,"3":0,"4":0,"5":0,"6":8,"7":0,"8":0,"9":0,"10":0,"11":0,"12":0,"13":0,"14":0,"15":0,"16":0,"17":0},"fnMap":{"1":{"name":"_bitXOR","line":5,"loc":{"start":{"line":5,"column":14},"end":{"line":5,"column":37}}},"2":{"name":"generateRId","line":23,"loc":{"start":{"line":23,"column":18},"end":{"line":23,"column":41}}},"3":{"name":"_rotateBinary","line":32,"loc":{"start":{"line":32,"column":20},"end":{"line":32,"column":48}}},"4":{"name":"_getHashForChar","line":36,"loc":{"start":{"line":36,"column":22},"end":{"line":36,"column":59}}},"5":{"name":"getHashOfPassword","line":51,"loc":{"start":{"line":51,"column":24},"end":{"line":51,"column":56}}},"6":{"name":"getExcelAlpha","line":76,"loc":{"start":{"line":76,"column":20},"end":{"line":76,"column":51}}},"7":{"name":"getExcelCellRef","line":98,"loc":{"start":{"line":98,"column":22},"end":{"line":98,"column":63}}},"8":{"name":"getExcelRowCol","line":119,"loc":{"start":{"line":119,"column":21},"end":{"line":119,"column":50}}},"9":{"name":"(anonymous_9)","line":120,"loc":{"start":{"line":120,"column":41},"end":{"line":120,"column":55}}},"10":{"name":"(anonymous_10)","line":123,"loc":{"start":{"line":123,"column":39},"end":{"line":123,"column":53}}},"11":{"name":"(anonymous_11)","line":127,"loc":{"start":{"line":127,"column":51},"end":{"line":127,"column":79}}},"12":{"name":"getExcelTS","line":142,"loc":{"start":{"line":142,"column":17},"end":{"line":142,"column":43}}},"13":{"name":"sortCellRefs","line":160,"loc":{"start":{"line":160,"column":19},"end":{"line":160,"column":47}}},"14":{"name":"arrayIntersectSafe","line":170,"loc":{"start":{"line":170,"column":25},"end":{"line":170,"column":59}}},"15":{"name":"getAllCellsInExcelRange","line":194,"loc":{"start":{"line":194,"column":30},"end":{"line":194,"column":70}}},"16":{"name":"getAllCellsInNumericRange","line":201,"loc":{"start":{"line":201,"column":32},"end":{"line":201,"column":91}}},"17":{"name":"boolToInt","line":213,"loc":{"start":{"line":213,"column":16},"end":{"line":213,"column":41}}}},"statementMap":{"1":{"start":{"line":3,"column":0},"end":{"line":3,"column":40}},"2":{"start":{"line":5,"column":0},"end":{"line":21,"column":2}},"3":{"start":{"line":6,"column":4},"end":{"line":6,"column":62}},"4":{"start":{"line":8,"column":4},"end":{"line":8,"column":23}},"5":{"start":{"line":9,"column":4},"end":{"line":11,"column":5}},"6":{"start":{"line":10,"column":8},"end":{"line":10,"column":25}},"7":{"start":{"line":13,"column":4},"end":{"line":13,"column":49}},"8":{"start":{"line":14,"column":4},"end":{"line":14,"column":49}},"9":{"start":{"line":16,"column":4},"end":{"line":16,"column":22}},"10":{"start":{"line":17,"column":4},"end":{"line":19,"column":5}},"11":{"start":{"line":18,"column":8},"end":{"line":18,"column":44}},"12":{"start":{"line":20,"column":4},"end":{"line":20,"column":20}},"13":{"start":{"line":23,"column":0},"end":{"line":30,"column":2}},"14":{"start":{"line":24,"column":4},"end":{"line":24,"column":19}},"15":{"start":{"line":25,"column":4},"end":{"line":25,"column":84}},"16":{"start":{"line":26,"column":4},"end":{"line":28,"column":5}},"17":{"start":{"line":27,"column":8},"end":{"line":27,"column":77}},"18":{"start":{"line":29,"column":4},"end":{"line":29,"column":16}},"19":{"start":{"line":32,"column":0},"end":{"line":34,"column":2}},"20":{"start":{"line":33,"column":4},"end":{"line":33,"column":60}},"21":{"start":{"line":36,"column":0},"end":{"line":48,"column":2}},"22":{"start":{"line":37,"column":4},"end":{"line":37,"column":32}},"23":{"start":{"line":38,"column":4},"end":{"line":38,"column":38}},"24":{"start":{"line":39,"column":4},"end":{"line":39,"column":49}},"25":{"start":{"line":40,"column":4},"end":{"line":40,"column":53}},"26":{"start":{"line":41,"column":4},"end":{"line":41,"column":62}},"27":{"start":{"line":42,"column":4},"end":{"line":42,"column":62}},"28":{"start":{"line":43,"column":4},"end":{"line":43,"column":45}},"29":{"start":{"line":44,"column":4},"end":{"line":44,"column":39}},"30":{"start":{"line":45,"column":4},"end":{"line":45,"column":50}},"31":{"start":{"line":47,"column":4},"end":{"line":47,"column":20}},"32":{"start":{"line":51,"column":0},"end":{"line":65,"column":2}},"33":{"start":{"line":52,"column":4},"end":{"line":52,"column":25}},"34":{"start":{"line":53,"column":4},"end":{"line":55,"column":5}},"35":{"start":{"line":54,"column":8},"end":{"line":54,"column":51}},"36":{"start":{"line":56,"column":4},"end":{"line":56,"column":55}},"37":{"start":{"line":57,"column":4},"end":{"line":57,"column":60}},"38":{"start":{"line":58,"column":4},"end":{"line":58,"column":51}},"39":{"start":{"line":60,"column":4},"end":{"line":60,"column":53}},"40":{"start":{"line":61,"column":4},"end":{"line":61,"column":50}},"41":{"start":{"line":62,"column":4},"end":{"line":62,"column":100}},"42":{"start":{"line":64,"column":4},"end":{"line":64,"column":21}},"43":{"start":{"line":76,"column":0},"end":{"line":86,"column":2}},"44":{"start":{"line":77,"column":4},"end":{"line":77,"column":27}},"45":{"start":{"line":78,"column":4},"end":{"line":78,"column":23}},"46":{"start":{"line":79,"column":4},"end":{"line":79,"column":24}},"47":{"start":{"line":80,"column":4},"end":{"line":84,"column":5}},"48":{"start":{"line":81,"column":8},"end":{"line":81,"column":39}},"49":{"start":{"line":82,"column":8},"end":{"line":82,"column":71}},"50":{"start":{"line":83,"column":8},"end":{"line":83,"column":47}},"51":{"start":{"line":85,"column":4},"end":{"line":85,"column":22}},"52":{"start":{"line":98,"column":0},"end":{"line":108,"column":2}},"53":{"start":{"line":99,"column":4},"end":{"line":99,"column":27}},"54":{"start":{"line":100,"column":4},"end":{"line":100,"column":23}},"55":{"start":{"line":101,"column":4},"end":{"line":101,"column":24}},"56":{"start":{"line":102,"column":4},"end":{"line":106,"column":5}},"57":{"start":{"line":103,"column":8},"end":{"line":103,"column":39}},"58":{"start":{"line":104,"column":8},"end":{"line":104,"column":71}},"59":{"start":{"line":105,"column":8},"end":{"line":105,"column":47}},"60":{"start":{"line":107,"column":4},"end":{"line":107,"column":31}},"61":{"start":{"line":119,"column":0},"end":{"line":131,"column":2}},"62":{"start":{"line":120,"column":4},"end":{"line":122,"column":10}},"63":{"start":{"line":121,"column":8},"end":{"line":121,"column":25}},"64":{"start":{"line":123,"column":4},"end":{"line":125,"column":10}},"65":{"start":{"line":124,"column":8},"end":{"line":124,"column":25}},"66":{"start":{"line":126,"column":4},"end":{"line":126,"column":36}},"67":{"start":{"line":127,"column":4},"end":{"line":129,"column":10}},"68":{"start":{"line":128,"column":8},"end":{"line":128,"column":81}},"69":{"start":{"line":130,"column":4},"end":{"line":130,"column":34}},"70":{"start":{"line":142,"column":0},"end":{"line":158,"column":2}},"71":{"start":{"line":144,"column":4},"end":{"line":144,"column":32}},"72":{"start":{"line":145,"column":4},"end":{"line":145,"column":41}},"73":{"start":{"line":147,"column":4},"end":{"line":147,"column":72}},"74":{"start":{"line":149,"column":4},"end":{"line":149,"column":39}},"75":{"start":{"line":151,"column":4},"end":{"line":151,"column":69}},"76":{"start":{"line":154,"column":4},"end":{"line":154,"column":51}},"77":{"start":{"line":156,"column":4},"end":{"line":156,"column":43}},"78":{"start":{"line":157,"column":4},"end":{"line":157,"column":14}},"79":{"start":{"line":160,"column":0},"end":{"line":168,"column":2}},"80":{"start":{"line":161,"column":4},"end":{"line":161,"column":33}},"81":{"start":{"line":162,"column":4},"end":{"line":162,"column":33}},"82":{"start":{"line":163,"column":4},"end":{"line":167,"column":5}},"83":{"start":{"line":164,"column":8},"end":{"line":164,"column":35}},"84":{"start":{"line":166,"column":8},"end":{"line":166,"column":35}},"85":{"start":{"line":170,"column":0},"end":{"line":192,"column":2}},"86":{"start":{"line":172,"column":4},"end":{"line":191,"column":5}},"87":{"start":{"line":173,"column":8},"end":{"line":174,"column":19}},"88":{"start":{"line":175,"column":8},"end":{"line":175,"column":33}},"89":{"start":{"line":177,"column":8},"end":{"line":187,"column":9}},"90":{"start":{"line":178,"column":12},"end":{"line":186,"column":13}},"91":{"start":{"line":179,"column":16},"end":{"line":179,"column":21}},"92":{"start":{"line":180,"column":19},"end":{"line":186,"column":13}},"93":{"start":{"line":181,"column":16},"end":{"line":181,"column":21}},"94":{"start":{"line":183,"column":16},"end":{"line":183,"column":35}},"95":{"start":{"line":184,"column":16},"end":{"line":184,"column":21}},"96":{"start":{"line":185,"column":16},"end":{"line":185,"column":21}},"97":{"start":{"line":188,"column":8},"end":{"line":188,"column":22}},"98":{"start":{"line":190,"column":8},"end":{"line":190,"column":88}},"99":{"start":{"line":194,"column":0},"end":{"line":199,"column":2}},"100":{"start":{"line":195,"column":4},"end":{"line":195,"column":33}},"101":{"start":{"line":196,"column":4},"end":{"line":196,"column":46}},"102":{"start":{"line":197,"column":4},"end":{"line":197,"column":46}},"103":{"start":{"line":198,"column":4},"end":{"line":198,"column":101}},"104":{"start":{"line":201,"column":0},"end":{"line":211,"column":2}},"105":{"start":{"line":202,"column":4},"end":{"line":202,"column":22}},"106":{"start":{"line":203,"column":4},"end":{"line":203,"column":30}},"107":{"start":{"line":204,"column":4},"end":{"line":204,"column":30}},"108":{"start":{"line":205,"column":4},"end":{"line":209,"column":5}},"109":{"start":{"line":206,"column":8},"end":{"line":208,"column":9}},"110":{"start":{"line":207,"column":12},"end":{"line":207,"column":48}},"111":{"start":{"line":210,"column":4},"end":{"line":210,"column":39}},"112":{"start":{"line":213,"column":0},"end":{"line":227,"column":2}},"113":{"start":{"line":214,"column":4},"end":{"line":216,"column":5}},"114":{"start":{"line":215,"column":8},"end":{"line":215,"column":17}},"115":{"start":{"line":217,"column":4},"end":{"line":219,"column":5}},"116":{"start":{"line":218,"column":8},"end":{"line":218,"column":17}},"117":{"start":{"line":220,"column":4},"end":{"line":222,"column":5}},"118":{"start":{"line":221,"column":8},"end":{"line":221,"column":17}},"119":{"start":{"line":223,"column":4},"end":{"line":225,"column":5}},"120":{"start":{"line":224,"column":8},"end":{"line":224,"column":17}},"121":{"start":{"line":226,"column":4},"end":{"line":226,"column":79}},"122":{"start":{"line":233,"column":0},"end":{"line":245,"column":2}}},"branchMap":{"1":{"line":6,"type":"cond-expr","locations":[{"start":{"line":6,"column":42},"end":{"line":6,"column":50}},{"start":{"line":6,"column":53},"end":{"line":6,"column":61}}]},"2":{"line":18,"type":"cond-expr","locations":[{"start":{"line":18,"column":38},"end":{"line":18,"column":39}},{"start":{"line":18,"column":42},"end":{"line":18,"column":43}}]},"3":{"line":37,"type":"cond-expr","locations":[{"start":{"line":37,"column":18},"end":{"line":37,"column":22}},{"start":{"line":37,"column":25},"end":{"line":37,"column":31}}]},"4":{"line":163,"type":"if","locations":[{"start":{"line":163,"column":4},"end":{"line":163,"column":4}},{"start":{"line":163,"column":4},"end":{"line":163,"column":4}}]},"5":{"line":172,"type":"if","locations":[{"start":{"line":172,"column":4},"end":{"line":172,"column":4}},{"start":{"line":172,"column":4},"end":{"line":172,"column":4}}]},"6":{"line":172,"type":"binary-expr","locations":[{"start":{"line":172,"column":8},"end":{"line":172,"column":26}},{"start":{"line":172,"column":30},"end":{"line":172,"column":48}}]},"7":{"line":177,"type":"binary-expr","locations":[{"start":{"line":177,"column":15},"end":{"line":177,"column":28}},{"start":{"line":177,"column":32},"end":{"line":177,"column":45}}]},"8":{"line":178,"type":"if","locations":[{"start":{"line":178,"column":12},"end":{"line":178,"column":12}},{"start":{"line":178,"column":12},"end":{"line":178,"column":12}}]},"9":{"line":180,"type":"if","locations":[{"start":{"line":180,"column":19},"end":{"line":180,"column":19}},{"start":{"line":180,"column":19},"end":{"line":180,"column":19}}]},"10":{"line":203,"type":"cond-expr","locations":[{"start":{"line":203,"column":18},"end":{"line":203,"column":22}},{"start":{"line":203,"column":25},"end":{"line":203,"column":29}}]},"11":{"line":204,"type":"cond-expr","locations":[{"start":{"line":204,"column":18},"end":{"line":204,"column":22}},{"start":{"line":204,"column":25},"end":{"line":204,"column":29}}]},"12":{"line":214,"type":"if","locations":[{"start":{"line":214,"column":4},"end":{"line":214,"column":4}},{"start":{"line":214,"column":4},"end":{"line":214,"column":4}}]},"13":{"line":217,"type":"if","locations":[{"start":{"line":217,"column":4},"end":{"line":217,"column":4}},{"start":{"line":217,"column":4},"end":{"line":217,"column":4}}]},"14":{"line":220,"type":"if","locations":[{"start":{"line":220,"column":4},"end":{"line":220,"column":4}},{"start":{"line":220,"column":4},"end":{"line":220,"column":4}}]},"15":{"line":223,"type":"if","locations":[{"start":{"line":223,"column":4},"end":{"line":223,"column":4}},{"start":{"line":223,"column":4},"end":{"line":223,"column":4}}]}},"code":["'use strict';","","var types = require('./types/index.js');","","var _bitXOR = function _bitXOR(a, b) {","    var maxLength = a.length > b.length ? a.length : b.length;","","    var padString = '';","    for (var i = 0; i < maxLength; i++) {","        padString += '0';","    }","","    a = String(padString + a).substr(-maxLength);","    b = String(padString + b).substr(-maxLength);","","    var response = '';","    for (var _i = 0; _i < a.length; _i++) {","        response += a[_i] === b[_i] ? 0 : 1;","    }","    return response;","};","","var generateRId = function generateRId() {","    var text = 'R';","    var possible = 'ABCDEFGHIJKLMNOPQRSTUVWXYZabcdefghijklmnopqrstuvwxyz0123456789';","    for (var i = 0; i < 16; i++) {","        text += possible.charAt(Math.floor(Math.random() * possible.length));","    }","    return text;","};","","var _rotateBinary = function _rotateBinary(bin) {","    return bin.substr(1, bin.length - 1) + bin.substr(0, 1);","};","","var _getHashForChar = function _getHashForChar(char, hash) {","    hash = hash ? hash : '0000';","    var charCode = char.charCodeAt(0);","    var hashBin = parseInt(hash, 16).toString(2);","    var charBin = parseInt(charCode, 10).toString(2);","    hashBin = String('000000000000000' + hashBin).substr(-15);","    charBin = String('000000000000000' + charBin).substr(-15);","    var nextHash = _bitXOR(hashBin, charBin);","    nextHash = _rotateBinary(nextHash);","    nextHash = parseInt(nextHash, 2).toString(16);","","    return nextHash;","};","","//  http://www.openoffice.org/sc/excelfileformat.pdf section 4.18.4","var getHashOfPassword = function getHashOfPassword(str) {","    var curHash = '0000';","    for (var i = str.length - 1; i >= 0; i--) {","        curHash = _getHashForChar(str[i], curHash);","    }","    var curHashBin = parseInt(curHash, 16).toString(2);","    var charCountBin = parseInt(str.length, 10).toString(2);","    var saltBin = parseInt('CE4B', 16).toString(2);","","    var firstXOR = _bitXOR(curHashBin, charCountBin);","    var finalHashBin = _bitXOR(firstXOR, saltBin);","    var finalHash = String('0000' + parseInt(finalHashBin, 2).toString(16).toUpperCase()).slice(-4);","","    return finalHash;","};","","/**"," * Translates a column number into the Alpha equivalent used by Excel"," * @function getExcelAlpha"," * @param {Number} colNum Column number that is to be transalated"," * @returns {String} The Excel alpha representation of the column number"," * @example"," * // returns B"," * getExcelAlpha(2);"," */","var getExcelAlpha = function getExcelAlpha(colNum) {","    var remaining = colNum;","    var aCharCode = 65;","    var columnName = '';","    while (remaining > 0) {","        var mod = (remaining - 1) % 26;","        columnName = String.fromCharCode(aCharCode + mod) + columnName;","        remaining = (remaining - 1 - mod) / 26;","    }","    return columnName;","};","","/**"," * Translates a column number into the Alpha equivalent used by Excel"," * @function getExcelAlpha"," * @param {Number} rowNum Row number that is to be transalated"," * @param {Number} colNum Column number that is to be transalated"," * @returns {String} The Excel alpha representation of the column number"," * @example"," * // returns B1"," * getExcelCellRef(1, 2);"," */","var getExcelCellRef = function getExcelCellRef(rowNum, colNum) {","    var remaining = colNum;","    var aCharCode = 65;","    var columnName = '';","    while (remaining > 0) {","        var mod = (remaining - 1) % 26;","        columnName = String.fromCharCode(aCharCode + mod) + columnName;","        remaining = (remaining - 1 - mod) / 26;","    }","    return columnName + rowNum;","};","","/**"," * Translates a Excel cell represenation into row and column numerical equivalents "," * @function getExcelRowCol"," * @param {String} str Excel cell representation"," * @returns {Object} Object keyed with row and col"," * @example"," * // returns {row: 2, col: 3}"," * getExcelRowCol('C2')"," */","var getExcelRowCol = function getExcelRowCol(str) {","    var numeric = str.split(/\\D/).filter(function (el) {","        return el !== '';","    })[0];","    var alpha = str.split(/\\d/).filter(function (el) {","        return el !== '';","    })[0];","    var row = parseInt(numeric, 10);","    var col = alpha.toUpperCase().split('').reduce(function (a, b, index, arr) {","        return a + (b.charCodeAt(0) - 64) * Math.pow(26, arr.length - index - 1);","    }, 0);","    return { row: row, col: col };","};","","/**"," * Translates a date into Excel timestamp"," * @function getExcelTS"," * @param {Date} date Date to translate"," * @returns {Number} Excel timestamp"," * @example"," * // returns 29810.958333333332"," * getExcelTS(new Date('08/13/1981'));"," */","var getExcelTS = function getExcelTS(date) {","","    var thisDt = new Date(date);","    thisDt.setDate(thisDt.getDate() + 1);","    // Take timezone into account when calculating date","    thisDt.setMinutes(thisDt.getMinutes() - thisDt.getTimezoneOffset());","","    var epoch = new Date(1899, 11, 31);","    // Take timezone into account when calculating epoch","    epoch.setMinutes(epoch.getMinutes() - epoch.getTimezoneOffset());","","    // Get milliseconds between date sent to function and epoch ","    var diff2 = thisDt.getTime() - epoch.getTime();","","    var ts = diff2 / (1000 * 60 * 60 * 24);","    return ts;","};","","var sortCellRefs = function sortCellRefs(a, b) {","    var aAtt = getExcelRowCol(a);","    var bAtt = getExcelRowCol(b);","    if (aAtt.col === bAtt.col) {","        return aAtt.row - bAtt.row;","    } else {","        return aAtt.col - bAtt.col;","    }","};","","var arrayIntersectSafe = function arrayIntersectSafe(a, b) {","","    if (a instanceof Array && b instanceof Array) {","        var ai = 0,","            bi = 0;","        var result = new Array();","","        while (ai < a.length && bi < b.length) {","            if (a[ai] < b[bi]) {","                ai++;","            } else if (a[ai] > b[bi]) {","                bi++;","            } else {","                result.push(a[ai]);","                ai++;","                bi++;","            }","        }","        return result;","    } else {","        throw new TypeError('Both variables sent to arrayIntersectSafe must be arrays');","    }","};","","var getAllCellsInExcelRange = function getAllCellsInExcelRange(range) {","    var cells = range.split(':');","    var cell1props = getExcelRowCol(cells[0]);","    var cell2props = getExcelRowCol(cells[1]);","    return getAllCellsInNumericRange(cell1props.row, cell1props.col, cell2props.row, cell2props.col);","};","","var getAllCellsInNumericRange = function getAllCellsInNumericRange(row1, col1, row2, col2) {","    var response = [];","    row2 = row2 ? row2 : row1;","    col2 = col2 ? col2 : col1;","    for (var i = row1; i <= row2; i++) {","        for (var j = col1; j <= col2; j++) {","            response.push(getExcelAlpha(j) + i);","        }","    }","    return response.sort(sortCellRefs);","};","","var boolToInt = function boolToInt(bool) {","    if (bool === true) {","        return 1;","    }","    if (bool === false) {","        return 0;","    }","    if (parseInt(bool) === 1) {","        return 1;","    }","    if (parseInt(bool) === 0) {","        return 0;","    }","    throw new TypeError('Value sent to boolToInt must be true, false, 1 or 0');","};","","/*"," * Helper Functions"," */","","module.exports = {","    generateRId: generateRId,","    getHashOfPassword: getHashOfPassword,","    getExcelAlpha: getExcelAlpha,","    getExcelCellRef: getExcelCellRef,","    getExcelRowCol: getExcelRowCol,","    getExcelTS: getExcelTS,","    sortCellRefs: sortCellRefs,","    arrayIntersectSafe: arrayIntersectSafe,","    getAllCellsInExcelRange: getAllCellsInExcelRange,","    getAllCellsInNumericRange: getAllCellsInNumericRange,","    boolToInt: boolToInt","};","//# sourceMappingURL=utils.js.map"],"l":{"3":1,"5":1,"6":0,"8":0,"9":0,"10":0,"13":0,"14":0,"16":0,"17":0,"18":0,"20":0,"23":1,"24":0,"25":0,"26":0,"27":0,"29":0,"32":1,"33":0,"36":1,"37":0,"38":0,"39":0,"40":0,"41":0,"42":0,"43":0,"44":0,"45":0,"47":0,"51":1,"52":0,"53":0,"54":0,"56":0,"57":0,"58":0,"60":0,"61":0,"62":0,"64":0,"76":1,"77":8,"78":8,"79":8,"80":8,"81":8,"82":8,"83":8,"85":8,"98":1,"99":0,"100":0,"101":0,"102":0,"103":0,"104":0,"105":0,"107":0,"119":1,"120":0,"121":0,"123":0,"124":0,"126":0,"127":0,"128":0,"130":0,"142":1,"144":0,"145":0,"147":0,"149":0,"151":0,"154":0,"156":0,"157":0,"160":1,"161":0,"162":0,"163":0,"164":0,"166":0,"170":1,"172":0,"173":0,"175":0,"177":0,"178":0,"179":0,"180":0,"181":0,"183":0,"184":0,"185":0,"188":0,"190":0,"194":1,"195":0,"196":0,"197":0,"198":0,"201":1,"202":0,"203":0,"204":0,"205":0,"206":0,"207":0,"210":0,"213":1,"214":0,"215":0,"217":0,"218":0,"220":0,"221":0,"223":0,"224":0,"226":0,"233":1}},"/home/travis/build/npmtest/node-npmtest-excel4node/node_modules/excel4node/distribution/lib/types/index.js":{"path":"/home/travis/build/npmtest/node-npmtest-excel4node/node_modules/excel4node/distribution/lib/types/index.js","s":{"1":1,"2":1,"3":1,"4":1,"5":30,"6":14},"b":{"1":[14,16],"2":[30,29]},"f":{"1":30},"fnMap":{"1":{"name":"(anonymous_1)","line":7,"loc":{"start":{"line":7,"column":17},"end":{"line":7,"column":30}}}},"statementMap":{"1":{"start":{"line":3,"column":0},"end":{"line":3,"column":23}},"2":{"start":{"line":4,"column":0},"end":{"line":4,"column":27}},"3":{"start":{"line":5,"column":0},"end":{"line":5,"column":41}},"4":{"start":{"line":7,"column":0},"end":{"line":11,"column":3}},"5":{"start":{"line":8,"column":4},"end":{"line":10,"column":5}},"6":{"start":{"line":9,"column":8},"end":{"line":9,"column":88}}},"branchMap":{"1":{"line":8,"type":"if","locations":[{"start":{"line":8,"column":4},"end":{"line":8,"column":4}},{"start":{"line":8,"column":4},"end":{"line":8,"column":4}}]},"2":{"line":8,"type":"binary-expr","locations":[{"start":{"line":8,"column":8},"end":{"line":8,"column":24}},{"start":{"line":8,"column":28},"end":{"line":8,"column":63}}]}},"code":["'use strict';","","var fs = require('fs');","var path = require('path');","var dirItems = fs.readdirSync(__dirname);","","dirItems.forEach(function (i) {","    if (i !== 'index.js' && i.substr(i.length - 3, 3) === '.js') {","        module.exports[i.substr(0, i.length - 3)] = require(path.resolve(__dirname, i));","    }","});","//# sourceMappingURL=index.js.map"],"l":{"3":1,"4":1,"5":1,"7":1,"8":30,"9":14}},"/home/travis/build/npmtest/node-npmtest-excel4node/node_modules/excel4node/distribution/lib/types/alignment.js":{"path":"/home/travis/build/npmtest/node-npmtest-excel4node/node_modules/excel4node/distribution/lib/types/alignment.js","s":{"1":1,"2":1,"3":1,"4":1,"5":8,"6":1,"7":1,"8":1,"9":1,"10":5,"11":1,"12":1,"13":1,"14":1,"15":1,"16":1,"17":0,"18":0,"19":0,"20":0,"21":0,"22":0,"23":0,"24":1,"25":4,"26":0,"27":0,"28":0,"29":0,"30":0,"31":4,"32":1,"33":0,"34":0,"35":0,"36":0,"37":0,"38":0,"39":0,"40":1,"41":1,"42":1},"b":{"1":[0,0],"2":[0,0],"3":[0,4],"4":[0,0],"5":[0,0],"6":[0,0]},"f":{"1":1,"2":8,"3":1,"4":5,"5":1,"6":0,"7":4,"8":0},"fnMap":{"1":{"name":"horizontalAlignments","line":3,"loc":{"start":{"line":3,"column":0},"end":{"line":3,"column":32}}},"2":{"name":"(anonymous_2)","line":8,"loc":{"start":{"line":8,"column":22},"end":{"line":8,"column":38}}},"3":{"name":"verticalAlignments","line":13,"loc":{"start":{"line":13,"column":0},"end":{"line":13,"column":30}}},"4":{"name":"(anonymous_4)","line":18,"loc":{"start":{"line":18,"column":22},"end":{"line":18,"column":38}}},"5":{"name":"readingOrders","line":23,"loc":{"start":{"line":23,"column":0},"end":{"line":23,"column":25}}},"6":{"name":"(anonymous_6)","line":30,"loc":{"start":{"line":30,"column":42},"end":{"line":30,"column":57}}},"7":{"name":"(anonymous_7)","line":44,"loc":{"start":{"line":44,"column":40},"end":{"line":44,"column":55}}},"8":{"name":"(anonymous_8)","line":58,"loc":{"start":{"line":58,"column":35},"end":{"line":58,"column":50}}}},"statementMap":{"1":{"start":{"line":3,"column":0},"end":{"line":11,"column":1}},"2":{"start":{"line":4,"column":4},"end":{"line":4,"column":21}},"3":{"start":{"line":6,"column":4},"end":{"line":7,"column":96}},"4":{"start":{"line":8,"column":4},"end":{"line":10,"column":7}},"5":{"start":{"line":9,"column":8},"end":{"line":9,"column":25}},"6":{"start":{"line":13,"column":0},"end":{"line":21,"column":1}},"7":{"start":{"line":14,"column":4},"end":{"line":14,"column":22}},"8":{"start":{"line":16,"column":4},"end":{"line":17,"column":57}},"9":{"start":{"line":18,"column":4},"end":{"line":20,"column":7}},"10":{"start":{"line":19,"column":8},"end":{"line":19,"column":26}},"11":{"start":{"line":23,"column":0},"end":{"line":28,"column":1}},"12":{"start":{"line":24,"column":4},"end":{"line":24,"column":33}},"13":{"start":{"line":25,"column":4},"end":{"line":25,"column":28}},"14":{"start":{"line":26,"column":4},"end":{"line":26,"column":28}},"15":{"start":{"line":27,"column":4},"end":{"line":27,"column":67}},"16":{"start":{"line":30,"column":0},"end":{"line":42,"column":2}},"17":{"start":{"line":31,"column":4},"end":{"line":41,"column":5}},"18":{"start":{"line":32,"column":8},"end":{"line":32,"column":22}},"19":{"start":{"line":33,"column":8},"end":{"line":37,"column":9}},"20":{"start":{"line":34,"column":12},"end":{"line":36,"column":13}},"21":{"start":{"line":35,"column":16},"end":{"line":35,"column":32}},"22":{"sta
[...]
4},"end":{"line":290,"column":5}},"103":{"start":{"line":289,"column":8},"end":{"line":289,"column":141}},"104":{"start":{"line":291,"column":4},"end":{"line":297,"column":7}},"105":{"start":{"line":299,"column":4},"end":{"line":299,"column":23}},"106":{"start":{"line":300,"column":4},"end":{"line":305,"column":5}},"107":{"start":{"line":301,"column":8},"end":{"line":303,"column":9}},"108":{"start":{"line":302,"column":12},"end":{"line":302,"column":87}},"109":{"start":{"line":304,"column":8},"end":{"line":304,"column":56}},"110":{"start":{"line":306,"column":4},"end":{"line":308,"column":5}},"111":{"start":{"line":307,"column":8},"end":{"line":307,"column":141}},"112":{"start":{"line":309,"column":4},"end":{"line":315,"column":7}},"113":{"start":{"line":324,"column":4},"end":{"line":324,"column":48}},"114":{"start":{"line":326,"column":4},"end":{"line":328,"column":5}},"115":{"start":{"line":327,"column":8},"end":{"line":327,"column":52}},"116":{"start":{"line":329,"column":4},"end":{"line":329,"column":32}},"117":{"start":{"line":331,"column":4},"end":{"line":336,"column":5}},"118":{"start":{"line":332,"column":8},"end":{"line":332,"column":49}},"119":{"start":{"line":333,"column":8},"end":{"line":335,"column":9}},"120":{"start":{"line":334,"column":12},"end":{"line":334,"column":73}},"121":{"start":{"line":337,"column":4},"end":{"line":337,"column":35}},"122":{"start":{"line":347,"column":4},"end":{"line":356,"column":7}},"123":{"start":{"line":358,"column":4},"end":{"line":362,"column":5}},"124":{"start":{"line":359,"column":8},"end":{"line":361,"column":9}},"125":{"start":{"line":360,"column":12},"end":{"line":360,"column":72}},"126":{"start":{"line":371,"column":4},"end":{"line":371,"column":61}},"127":{"start":{"line":373,"column":4},"end":{"line":373,"column":47}},"128":{"start":{"line":374,"column":4},"end":{"line":374,"column":50}},"129":{"start":{"line":375,"column":4},"end":{"line":375,"column":51}},"130":{"start":{"line":377,"column":4},"end":{"line":386,"column":7}},"131":{"start":{"line":388,"column":4},"end":{"line":399,"column":7}},"132":{"start":{"line":401,"column":4},"end":{"line":409,"column":7}},"133":{"start":{"line":418,"column":4},"end":{"line":425,"column":7}},"134":{"start":{"line":427,"column":4},"end":{"line":427,"column":63}},"135":{"start":{"line":428,"column":4},"end":{"line":436,"column":7}},"136":{"start":{"line":443,"column":4},"end":{"line":443,"column":14}},"137":{"start":{"line":446,"column":0},"end":{"line":446,"column":28}},"138":{"start":{"line":447,"column":0},"end":{"line":447,"column":24}},"139":{"start":{"line":448,"column":0},"end":{"line":448,"column":35}},"140":{"start":{"line":450,"column":0},"end":{"line":453,"column":3}},"141":{"start":{"line":451,"column":4},"end":{"line":451,"column":66}},"142":{"start":{"line":452,"column":4},"end":{"line":452,"column":23}},"143":{"start":{"line":455,"column":0},"end":{"line":455,"column":27}},"144":{"start":{"line":456,"column":0},"end":{"line":460,"column":3}},"145":{"start":{"line":457,"column":4},"end":{"line":457,"column":34}},"146":{"start":{"line":459,"column":4},"end":{"line":459,"column":83}}},"branchMap":{"1":{"line":136,"type":"if","locations":[{"start":{"line":136,"column":8},"end":{"line":136,"column":8}},{"start":{"line":136,"column":8},"end":{"line":136,"column":8}}]},"2":{"line":142,"type":"if","locations":[{"start":{"line":142,"column":8},"end":{"line":142,"column":8}},{"start":{"line":142,"column":8},"end":{"line":142,"column":8}}]}},"code":["require('source-map-support').install();","var xl = require('./distribution');","","function generateWorkbook() {","    var wb = new xl.Workbook({","        defaultFont: {","            name: 'Verdana',","            size: 12","        }","    });","","    /*****************************************","     * START Create a sample invoice","     *****************************************/","","    // Create some styles to be used throughout","    var multiLineStyle = wb.createStyle({","        alignment: {","            wrapText: true,","            vertical: 'top'","        }","    });","    var largeText = wb.createStyle({","        font: {","            name: 'Cambria',","            size: 20","        }","    });","    var medText = wb.createStyle({","        font: {","            name: 'Cambria',","            size: 14,","            color: '#D4762C'","        },","        alignment: {","            vertical: 'center'","        }","    });","","    var currencyStyle = wb.createStyle({","        numberFormat: '$##0.00; [Red]($##0.00); $0.00'","    });","","    var invoiceWS = wb.addWorksheet('Invoice', {","        pageSetup: {","            fitToWidth: 1","        },","        headerFooter: {","            oddHeader: 'iAmNater invoice',","            oddFooter: 'Invoice Page &P'","        }","    });","","    // Set some row and column properties","    invoiceWS.row(1).setHeight(25);","    invoiceWS.row(2).setHeight(45);","    invoiceWS.column(1).setWidth(3);","    invoiceWS.column(2).setWidth(10);","    invoiceWS.column(3).setWidth(35);","    invoiceWS.column(5).setWidth(25);","    invoiceWS.cell(2, 2).string('INVOICE').style(largeText);","    invoiceWS.cell(2, 3).string('809871').style(largeText).style({ font: { color: '#D4762C' } });","","    // Add a company logo","    invoiceWS.addImage({","        path: './sampleFiles/logo.png',","        type: 'picture',","        position: {","            type: 'twoCellAnchor',","            from: {","                col: 4,","                colOff: 0,","                row: 2,","                rowOff: 0","            },","            to: {","                col: 6,","                colOff: 0,","                row: 3,","                rowOff: 0","            }","        }","    });","","    // Add some borders to specific cells","    invoiceWS.cell(2, 2, 2, 5).style({ border: { bottom: { style: 'thick', color: '#000000' } } });","","    // Add some data and adjust styles for specific cells","    invoiceWS.cell(3, 2, 3, 3, true).string('January 1, 2016').style({ border: { bottom: { style: 'thin', color: '#D4762C' } } });","    invoiceWS.cell(4, 2, 4, 3, true).string('PAYMENT DUE BY: March 1, 2016').style({ font: { bold: true } });","","    // style methods can be chained. multiple styles will be merged with last style taking precedence if there is a conflict","    invoiceWS.cell(3, 5, 4, 5, true).formula('E31').style(currencyStyle).style({ font: { size: 20, color: '#D4762C' }, alignment: { vertical: 'center' } });","    invoiceWS.cell(4, 2, 4, 5).style({ border: { bottom: { style: 'thin', color: '#000000' } } });","","    invoiceWS.row(6).setHeight(75);","    invoiceWS.cell(6, 2, 6, 5).style(multiLineStyle);","","    // set some strings to have multiple font formats within a single cell","    invoiceWS.cell(6, 2, 6, 3, true).string([","        {","            bold: true","        },","        'Client Name\\n',","        {","            bold: false","        },","        'Company Name Inc.\\n1234 First Street\\nSomewhere, OR 12345'","    ]);","","    invoiceWS.cell(6, 4, 6, 5, true).string([","        {","            bold: true","        },","        'iAmNater.com\\n',","        {","            bold: false","        },","        '123 Nowhere Lane\\nSomewhere, OR 12345'","    ]).style({ alignment: { horizontal: 'right' } });","","    invoiceWS.cell(8, 2, 8, 5).style({ border: { bottom: { style: 'thick', color: '#000000' } } });","","    invoiceWS.cell(10, 2).string('QUANTITY');","    invoiceWS.cell(10, 3).string('DETAILS');","    invoiceWS.cell(10, 4).string('UNIT PRICE').style({ alignment: { horizontal: 'right' } });","    invoiceWS.cell(10, 5).string('LINE TOTAL').style({ alignment: { horizontal: 'right' } });","","    var items = require('./sampleFiles/invoiceData.json').items;","    var i = 0;","    var rowOffset = 11;","    var oddBackgroundColor = '#F8F5EE';","    while (i <= 10) {","        var item = items[i];","        var curRow = rowOffset + i;","        if (item !== undefined) {","            invoiceWS.cell(curRow, 2).number(item.units).style({ alignment: { horizontal: 'left' } });","            invoiceWS.cell(curRow, 3).string(item.description);","            invoiceWS.cell(curRow, 4).number(item.unitCost).style(currencyStyle);","            invoiceWS.cell(curRow, 5).formula(xl.getExcelCellRef(rowOffset + i, 2) + '*' + xl.getExcelCellRef(rowOffset + 1, 4)).style(currencyStyle);","        }","        if (i % 2 === 0) {","            invoiceWS.cell(curRow, 2, curRow, 5).style({","                fill: {","                    type: 'pattern',","                    patternType: 'solid',","                    fgColor: oddBackgroundColor","                }","            });","        }","        i++;","    }","    invoiceWS.cell(21, 2, 21, 5).style({ border: { bottom: { style: 'thin', color: '#DCD1B3' } } });","","    invoiceWS.cell(22, 4).string('Discount');","    invoiceWS.cell(22, 5).number(0.00).style(currencyStyle);","","    invoiceWS.cell(23, 4).string('Net Total');","    invoiceWS.cell(23, 5).formula('SUM(E11:E21)').style(currencyStyle);","","    invoiceWS.cell(23, 2, 23, 5).style({ border: { bottom: { style: 'thin', color: '#000000' } } });","","    invoiceWS.row(24).setHeight(20);","    invoiceWS.cell(24, 4, 25, 4, true).string('USD TOTAL').style(medText);","    invoiceWS.cell(24, 5, 25, 5, true).formula('SUM(E22:E23)').style(medText).style(currencyStyle);","    /*****************************************","     * END Create a sample invoice","     *****************************************/","","","    /*****************************************","     * START Create a filterable list","     *****************************************/","","    var filterSheet = wb.addWorksheet('Filters');","","    for (var i = 1; i <= 10; i++) {","        filterSheet.cell(1, i).string('Header' + i);","    }","    filterSheet.row(1).filter(1, 10);","","    for (var r = 2; r <= 30; r++) {","        for (var c = 1; c <= 10; c++) {","            filterSheet.cell(r, c).number(parseInt(Math.random() * 100));","        }","    }","     /*****************************************","     * END Create a filterable list","     *****************************************/","","    /*****************************************","     * START Create collapsable lists","     *****************************************/","","","    var collapseSheet = wb.addWorksheet('Collapsables', {","        pageSetup: {","            fitToWidth: 1","        },","        outline: {","            summaryBelow: true","        }","    });","","    var rowOffset = 0;","    for (var r = 1; r <= 10; r++) {","        for (var c = 1; c <= 10; c++) {","            collapseSheet.cell(r + rowOffset, c).number(parseInt(Math.random() * 100));","        }","        collapseSheet.row(r + rowOffset).group(1, true);","    }","    for (var i = 1; i <= 10; i++) {","        collapseSheet.cell(11, i).formula('SUM(' + xl.getExcelCellRef(rowOffset + 1, i) + ':' + xl.getExcelCellRef(rowOffset + 10, i) + ')');","    }","    collapseSheet.cell(11, 1, 11, 10).style({","        fill: {","            type: 'pattern',","            patternType: 'solid',","            fgColor: '#C2D6EC'","        }","    });","","    var rowOffset = 11;","    for (var r = 1; r <= 10; r++) {","        for (var c = 1; c <= 10; c++) {","            collapseSheet.cell(r + rowOffset, c).number(parseInt(Math.random() * 100));","        }","        collapseSheet.row(r + rowOffset).group(1, true);","    }","    for (var i = 1; i <= 10; i++) {","        collapseSheet.cell(22, i).formula('SUM(' + xl.getExcelCellRef(rowOffset + 1, i) + ':' + xl.getExcelCellRef(rowOffset + 10, i) + ')');","    }","    collapseSheet.cell(22, 1, 22, 10).style({","        fill: {","            type: 'pattern',","            patternType: 'solid',","            fgColor: '#4273B0'","        }","    });","","","","    var rowOffset = 22;","    for (var r = 1; r <= 10; r++) {","        for (var c = 1; c <= 10; c++) {","            collapseSheet.cell(r + rowOffset, c).number(parseInt(Math.random() * 100));","        }","        collapseSheet.row(r + rowOffset).group(1, true);","    }","    for (var i = 1; i <= 10; i++) {","        collapseSheet.cell(33, i).formula('SUM(' + xl.getExcelCellRef(rowOffset + 1, i) + ':' + xl.getExcelCellRef(rowOffset + 10, i) + ')');","    }","    collapseSheet.cell(33, 1, 33, 10).style({","        fill: {","            type: 'pattern',","            patternType: 'solid',","            fgColor: '#C2D6EC'","        }","    });","","    var rowOffset = 33;","    for (var r = 1; r <= 10; r++) {","        for (var c = 1; c <= 10; c++) {","            collapseSheet.cell(r + rowOffset, c).number(parseInt(Math.random() * 100));","        }","        collapseSheet.row(r + rowOffset).group(1, true);","    }","    for (var i = 1; i <= 10; i++) {","        collapseSheet.cell(44, i).formula('SUM(' + xl.getExcelCellRef(rowOffset + 1, i) + ':' + xl.getExcelCellRef(rowOffset + 10, i) + ')');","    }","    collapseSheet.cell(44, 1, 44, 10).style({","        fill: {","            type: 'pattern',","            patternType: 'solid',","            fgColor: '#4273B0'","        }","    });","","","","    var rowOffset = 44;","    for (var r = 1; r <= 10; r++) {","        for (var c = 1; c <= 10; c++) {","            collapseSheet.cell(r + rowOffset, c).number(parseInt(Math.random() * 100));","        }","        collapseSheet.row(r + rowOffset).group(1, true);","    }","    for (var i = 1; i <= 10; i++) {","        collapseSheet.cell(55, i).formula('SUM(' + xl.getExcelCellRef(rowOffset + 1, i) + ':' + xl.getExcelCellRef(rowOffset + 10, i) + ')');","    }","    collapseSheet.cell(55, 1, 55, 10).style({","        fill: {","            type: 'pattern',","            patternType: 'solid',","            fgColor: '#C2D6EC'","        }","    });","","    var rowOffset = 55;","    for (var r = 1; r <= 10; r++) {","        for (var c = 1; c <= 10; c++) {","            collapseSheet.cell(r + rowOffset, c).number(parseInt(Math.random() * 100));","        }","        collapseSheet.row(r + rowOffset).group(1, true);","    }","    for (var i = 1; i <= 10; i++) {","        collapseSheet.cell(66, i).formula('SUM(' + xl.getExcelCellRef(rowOffset + 1, i) + ':' + xl.getExcelCellRef(rowOffset + 10, i) + ')');","    }","    collapseSheet.cell(66, 1, 66, 10).style({","        fill: {","            type: 'pattern',","            patternType: 'solid',","            fgColor: '#4273B0'","        }","    });","    /*****************************************","     * START Create collapsable lists","     *****************************************/","","    /*****************************************","     * START Create Frozen lists","     *****************************************/","","    var frozenSheet = wb.addWorksheet('Frozen');","","    for (var i = 2; i <= 21; i++) {","        frozenSheet.cell(1, i).string('Column' + i);","    }","    frozenSheet.row(1).freeze();","","    for (var r = 2; r <= 30; r++) {","        frozenSheet.cell(r, 1).string('Row' + r);","        for (var c = 2; c <= 22; c++) {","            frozenSheet.cell(r, c).number(parseInt(Math.random() * 100));","        }","    }","    frozenSheet.column(1).freeze();","","     /*****************************************","     * END Create Frozen lists","     *****************************************/","","    /*****************************************","     * START Create Split sheet","     *****************************************/","","    var splitSheet = wb.addWorksheet('SplitSheet', {","        'sheetView': {","            'pane': {","                'activePane': 'bottomRight',","                'state': 'split',","                'xSplit': 2000,","                'ySplit': 3000","            }","        }","    });","","    for (var r = 1; r <= 30; r++) {","        for (var c = 1; c <= 20; c++) {","            splitSheet.cell(r, c).number(parseInt(Math.random() * 100));","        }","    }","","     /*****************************************","     * END Create Split","     *****************************************/","","    /*****************************************","     * START Create Selectable Options list","     *****************************************/","    var optionsSheet = wb.addWorksheet('Selectable Options');","","    optionsSheet.cell(1, 1).string('Booleans');","    optionsSheet.cell(1, 2).string('Option List');","    optionsSheet.cell(1, 3).string('Numbers 1-10');","","    optionsSheet.addDataValidation({","        type: 'list',","        allowBlank: true,","        prompt: 'Choose from dropdown',","        error: 'Invalid choice was chosen',","        sqref: 'A2:A10',","        formulas: [","            'true,false'","        ]","    });","","    optionsSheet.addDataValidation({","        type: 'list',","        allowBlank: true,","        prompt: 'Choose from dropdown',","        promptTitle: 'Choose from dropdown',","        error: 'Invalid choice was chosen',","        showInputMessage: true,","        sqref: 'B2:B10',","        formulas: [","            'option 1,option 2,option 3'","        ]","    });","","    optionsSheet.addDataValidation({","        errorStyle: 'stop',","        error: 'Number must be between 1 and 10',","        type: 'whole',","        operator: 'between',","        allowBlank: 1,","        sqref: 'C2:C10',","        formulas: [1, 10]","    });","    /*****************************************","     * END Create Selectable Options list","     *****************************************/","","    /*****************************************","     * START final sheet","     *****************************************/","","    var funSheet = wb.addWorksheet('fun', {","        pageSetup: {","            orientation: 'landscape'","        },","        sheetView: {","            zoomScale: 120","        }","    });","","    funSheet.cell(1, 1).string('Release 1.0.0! Finally done.');","    funSheet.addImage({","        path: './sampleFiles/thumbsUp.jpg',","        type: 'picture',","        position: {","            type: 'absoluteAnchor',","            x: 0,","            y: '10mm'","        }","    });","","","    /*****************************************","     * END final sheet","     *****************************************/","","    return wb;","}","","var wb = generateWorkbook();","wb.write('Excel1.xlsx');","console.log('Excel1.xlsx written');","","wb.write('Excel.xlsx', function (err, stats) {","    console.log('Excel.xlsx written and has the following stats');","    console.log(stats);","});","","var http = require('http');","http.createServer(function (req, res) {","    wb.write('MyExcel.xlsx', res);","}).listen(3000, function () {","    console.log('Go to http://localhost:3000 to download a copy of this Workbook');","});",""],"l":{"1":2,"2":2,"4":1,"5":2,"17":2,"23":2,"29":2,"40":2,"44":2,"55":2,"56":2,"57":2,"58":2,"59":2,"60":2,"61":2,"62":2,"65":2,"86":0,"89":0,"90":0,"93":0,"94":0,"96":0,"97":0,"100":0,"111":0,"122":0,"124":0,"125":0,"126":0,"127":0,"129":0,"130":0,"131":0,"132":0,"133":0,"134":0,"135":0,"136":0,"137":0,"138":0,"139":0,"140":0,"142":0,"143":0,"151":0,"153":0,"155":0,"156":0,"158":0,"159":0,"161":0,"163":0,"164":0,"165":0,"175":0,"177":0,"178":0,"180":0,"182":0,"183":0,"184":0,"196":0,"205":0,"206":0,"207":0,"208":0,"210":0,"212":0,"213":0,"215":0,"223":0,"224":0,"225":0,"226":0,"228":0,"230":0,"231":0,"233":0,"243":0,"244":0,"245":0,"246":0,"248":0,"250":0,"251":0,"253":0,"261":0,"262":0,"263":0,"264":0,"266":0,"268":0,"269":0,"271":0,"281":0,"282":0,"283":0,"284":0,"286":0,"288":0,"289":0,"291":0,"299":0,"300":0,"301":0,"302":0,"304":0,"306":0,"307":0,"309":0,"324":0,"326":0,"327":0,"329":0,"331":0,"332":0,"333":0,"334":0,"337":0,"347":0,"358":0,"359":0,"360":0,"371":0,"373":0,"374":0,"375":0,"377":0,"388":0,"401":0,"418":0,"427":0,"428":0,"443":0,"446":2,"447":0,"448":0,"450":0,"451":0,"452":0,"455":0,"456":0,"457":0,"459":0}}}